# JRE version: OpenJDK Runtime Environment (8.0_242-b01) (build 1.8.0_242-release-1644-b01)
# Java VM: OpenJDK 64-Bit Server VM (25.242-b01 mixed mode windows-amd64 compressed oops)
Heap:
 PSYoungGen      total 389632K, used 145549K [0x00000000d5580000, 0x00000000f4d80000, 0x0000000100000000)
  eden space 298496K, 48% used [0x00000000d5580000,0x00000000de3a3718,0x00000000e7900000)
  from space 91136K, 0% used [0x00000000e7900000,0x00000000e7900000,0x00000000ed200000)
  to   space 89600K, 0% used [0x00000000ef600000,0x00000000ef600000,0x00000000f4d80000)
 ParOldGen       total 359424K, used 92794K [0x0000000080000000, 0x0000000095f00000, 0x00000000d5580000)
  object space 359424K, 25% used [0x0000000080000000,0x0000000085a9eb10,0x0000000095f00000)
 Metaspace       used 132987K, capacity 138383K, committed 139992K, reserved 1171456K
  class space    used 16938K, capacity 18030K, committed 18432K, reserved 1048576K
GC Heap History (10 events):
Event: 940.956 GC heap before
{Heap before GC invocations=22 (full 4):
 PSYoungGen      total 342528K, used 300004K [0x00000000d5580000, 0x00000000efd80000, 0x0000000100000000)
  eden space 275456K, 100% used [0x00000000d5580000,0x00000000e6280000,0x00000000e6280000)
  from space 67072K, 36% used [0x00000000e6280000,0x00000000e7a79208,0x00000000ea400000)
  to   space 62976K, 0% used [0x00000000ec000000,0x00000000ec000000,0x00000000efd80000)
 ParOldGen       total 272896K, used 151648K [0x0000000080000000, 0x0000000090a80000, 0x00000000d5580000)
  object space 272896K, 55% used [0x0000000080000000,0x00000000894183c8,0x0000000090a80000)
 Metaspace       used 118600K, capacity 124523K, committed 124760K, reserved 1157120K
  class space    used 15454K, capacity 16646K, committed 16768K, reserved 1048576K
Event: 940.989 GC heap after
Heap after GC invocations=22 (full 4):
 PSYoungGen      total 357888K, used 33879K [0x00000000d5580000, 0x00000000ef680000, 0x0000000100000000)
  eden space 302080K, 0% used [0x00000000d5580000,0x00000000d5580000,0x00000000e7c80000)
  from space 55808K, 60% used [0x00000000ec000000,0x00000000ee115f40,0x00000000ef680000)
  to   space 62464K, 0% used [0x00000000e7c80000,0x00000000e7c80000,0x00000000eb980000)
 ParOldGen       total 272896K, used 151656K [0x0000000080000000, 0x0000000090a80000, 0x00000000d5580000)
  object space 272896K, 55% used [0x0000000080000000,0x000000008941a3c8,0x0000000090a80000)
 Metaspace       used 118600K, capacity 124523K, committed 124760K, reserved 1157120K
  class space    used 15454K, capacity 16646K, committed 16768K, reserved 1048576K
}
Event: 944.902 GC heap before
{Heap before GC invocations=23 (full 4):
 PSYoungGen      total 357888K, used 335959K [0x00000000d5580000, 0x00000000ef680000, 0x0000000100000000)
  eden space 302080K, 100% used [0x00000000d5580000,0x00000000e7c80000,0x00000000e7c80000)
  from space 55808K, 60% used [0x00000000ec000000,0x00000000ee115f40,0x00000000ef680000)
  to   space 62464K, 0% used [0x00000000e7c80000,0x00000000e7c80000,0x00000000eb980000)
 ParOldGen       total 272896K, used 151656K [0x0000000080000000, 0x0000000090a80000, 0x00000000d5580000)
  object space 272896K, 55% used [0x0000000080000000,0x000000008941a3c8,0x0000000090a80000)
 Metaspace       used 119397K, capacity 125337K, committed 125528K, reserved 1159168K
  class space    used 15507K, capacity 16677K, committed 16768K, reserved 1048576K
Event: 944.923 GC heap after
Heap after GC invocations=23 (full 4):
 PSYoungGen      total 364544K, used 31149K [0x00000000d5580000, 0x00000000f0d80000, 0x0000000100000000)
  eden space 302080K, 0% used [0x00000000d5580000,0x00000000d5580000,0x00000000e7c80000)
  from space 62464K, 49% used [0x00000000e7c80000,0x00000000e9aeb728,0x00000000eb980000)
  to   space 60928K, 0% used [0x00000000ed200000,0x00000000ed200000,0x00000000f0d80000)
 ParOldGen       total 272896K, used 151664K [0x0000000080000000, 0x0000000090a80000, 0x00000000d5580000)
  object space 272896K, 55% used [0x0000000080000000,0x000000008941c3c8,0x0000000090a80000)
 Metaspace       used 119397K, capacity 125337K, committed 125528K, reserved 1159168K
  class space    used 15507K, capacity 16677K, committed 16768K, reserved 1048576K
}
Event: 946.681 GC heap before
{Heap before GC invocations=24 (full 4):
 PSYoungGen      total 364544K, used 333229K [0x00000000d5580000, 0x00000000f0d80000, 0x0000000100000000)
  eden space 302080K, 100% used [0x00000000d5580000,0x00000000e7c80000,0x00000000e7c80000)
  from space 62464K, 49% used [0x00000000e7c80000,0x00000000e9aeb728,0x00000000eb980000)
  to   space 60928K, 0% used [0x00000000ed200000,0x00000000ed200000,0x00000000f0d80000)
 ParOldGen       total 272896K, used 151664K [0x0000000080000000, 0x0000000090a80000, 0x00000000d5580000)
  object space 272896K, 55% used [0x0000000080000000,0x000000008941c3c8,0x0000000090a80000)
 Metaspace       used 132263K, capacity 138335K, committed 138584K, reserved 1169408K
  class space    used 17020K, capacity 18222K, committed 18304K, reserved 1048576K
Event: 946.763 GC heap after
Heap after GC invocations=24 (full 4):
 PSYoungGen      total 359424K, used 60920K [0x00000000d5580000, 0x00000000f5980000, 0x0000000100000000)
  eden space 298496K, 0% used [0x00000000d5580000,0x00000000d5580000,0x00000000e7900000)
  from space 60928K, 99% used [0x00000000ed200000,0x00000000f0d7e250,0x00000000f0d80000)
  to   space 91136K, 0% used [0x00000000e7900000,0x00000000e7900000,0x00000000ed200000)
 ParOldGen       total 272896K, used 208815K [0x0000000080000000, 0x0000000090a80000, 0x00000000d5580000)
  object space 272896K, 76% used [0x0000000080000000,0x000000008cbebef0,0x0000000090a80000)
 Metaspace       used 132263K, capacity 138335K, committed 138584K, reserved 1169408K
  class space    used 17020K, capacity 18222K, committed 18304K, reserved 1048576K
}
Event: 953.669 GC heap before
{Heap before GC invocations=25 (full 4):
 PSYoungGen      total 359424K, used 359416K [0x00000000d5580000, 0x00000000f5980000, 0x0000000100000000)
  eden space 298496K, 100% used [0x00000000d5580000,0x00000000e7900000,0x00000000e7900000)
  from space 60928K, 99% used [0x00000000ed200000,0x00000000f0d7e250,0x00000000f0d80000)
  to   space 91136K, 0% used [0x00000000e7900000,0x00000000e7900000,0x00000000ed200000)
 ParOldGen       total 272896K, used 208815K [0x0000000080000000, 0x0000000090a80000, 0x00000000d5580000)
  object space 272896K, 76% used [0x0000000080000000,0x000000008cbebef0,0x0000000090a80000)
 Metaspace       used 133541K, capacity 139745K, committed 139992K, reserved 1171456K
  class space    used 17100K, capacity 18341K, committed 18432K, reserved 1048576K
Event: 953.704 GC heap after
Heap after GC invocations=25 (full 4):
 PSYoungGen      total 389632K, used 45141K [0x00000000d5580000, 0x00000000f4d80000, 0x0000000100000000)
  eden space 298496K, 0% used [0x00000000d5580000,0x00000000d5580000,0x00000000e7900000)
  from space 91136K, 49% used [0x00000000e7900000,0x00000000ea515760,0x00000000ed200000)
  to   space 89600K, 0% used [0x00000000ef600000,0x00000000ef600000,0x00000000f4d80000)
 ParOldGen       total 272896K, used 234686K [0x0000000080000000, 0x0000000090a80000, 0x00000000d5580000)
  object space 272896K, 85% used [0x0000000080000000,0x000000008e52fbe8,0x0000000090a80000)
 Metaspace       used 133541K, capacity 139745K, committed 139992K, reserved 1171456K
  class space    used 17100K, capacity 18341K, committed 18432K, reserved 1048576K
}
Event: 953.704 GC heap before
{Heap before GC invocations=26 (full 5):
 PSYoungGen      total 389632K, used 45141K [0x00000000d5580000, 0x00000000f4d80000, 0x0000000100000000)
  eden space 298496K, 0% used [0x00000000d5580000,0x00000000d5580000,0x00000000e7900000)
  from space 91136K, 49% used [0x00000000e7900000,0x00000000ea515760,0x00000000ed200000)
  to   space 89600K, 0% used [0x00000000ef600000,0x00000000ef600000,0x00000000f4d80000)
 ParOldGen       total 272896K, used 234686K [0x0000000080000000, 0x0000000090a80000, 0x00000000d5580000)
  object space 272896K, 85% used [0x0000000080000000,0x000000008e52fbe8,0x0000000090a80000)
 Metaspace       used 133541K, capacity 139745K, committed 139992K, reserved 1171456K
  class space    used 17100K, capacity 18341K, committed 18432K, reserved 1048576K
Event: 953.922 GC heap after
Heap after GC invocations=26 (full 5):
 PSYoungGen      total 389632K, used 0K [0x00000000d5580000, 0x00000000f4d80000, 0x0000000100000000)
  eden space 298496K, 0% used [0x00000000d5580000,0x00000000d5580000,0x00000000e7900000)
  from space 91136K, 0% used [0x00000000e7900000,0x00000000e7900000,0x00000000ed200000)
  to   space 89600K, 0% used [0x00000000ef600000,0x00000000ef600000,0x00000000f4d80000)
 ParOldGen       total 359424K, used 92794K [0x0000000080000000, 0x0000000095f00000, 0x00000000d5580000)
  object space 359424K, 25% used [0x0000000080000000,0x0000000085a9eb10,0x0000000095f00000)
 Metaspace       used 132583K, capacity 137957K, committed 139992K, reserved 1171456K
  class space    used 16895K, capacity 17983K, committed 18432K, reserved 1048576K
}

