# JRE version: OpenJDK Runtime Environment (8.0_242-b01) (build 1.8.0_242-release-1644-b01)
# Java VM: OpenJDK 64-Bit Server VM (25.242-b01 mixed mode windows-amd64 compressed oops)
Heap:
 PSYoungGen      total 414208K, used 351532K [0x00000000d5580000, 0x00000000fb780000, 0x0000000100000000)
  eden space 320000K, 80% used [0x00000000d5580000,0x00000000e50d1a20,0x00000000e8e00000)
  from space 94208K, 99% used [0x00000000e8e00000,0x00000000ee9f9970,0x00000000eea00000)
  to   space 133120K, 0% used [0x00000000f3580000,0x00000000f3580000,0x00000000fb780000)
 ParOldGen       total 248832K, used 180213K [0x0000000080000000, 0x000000008f300000, 0x00000000d5580000)
  object space 248832K, 72% used [0x0000000080000000,0x000000008affd660,0x000000008f300000)
 Metaspace       used 134420K, capacity 139906K, committed 142336K, reserved 1173504K
  class space    used 17066K, capacity 18217K, committed 18944K, reserved 1048576K
GC Heap History (10 events):
Event: 214.384 GC heap before
{Heap before GC invocations=21 (full 4):
 PSYoungGen      total 340992K, used 301568K [0x00000000d5580000, 0x00000000ed500000, 0x0000000100000000)
  eden space 301568K, 100% used [0x00000000d5580000,0x00000000e7c00000,0x00000000e7c00000)
  from space 39424K, 0% used [0x00000000eae80000,0x00000000eae80000,0x00000000ed500000)
  to   space 45568K, 0% used [0x00000000e7c00000,0x00000000e7c00000,0x00000000ea880000)
 ParOldGen       total 248832K, used 62178K [0x0000000080000000, 0x000000008f300000, 0x00000000d5580000)
  object space 248832K, 24% used [0x0000000080000000,0x0000000083cb8820,0x000000008f300000)
 Metaspace       used 94166K, capacity 98822K, committed 102528K, reserved 1136640K
  class space    used 12516K, capacity 13479K, committed 14464K, reserved 1048576K
Event: 214.393 GC heap after
Heap after GC invocations=21 (full 4):
 PSYoungGen      total 347136K, used 14945K [0x00000000d5580000, 0x00000000eef00000, 0x0000000100000000)
  eden space 301568K, 0% used [0x00000000d5580000,0x00000000d5580000,0x00000000e7c00000)
  from space 45568K, 32% used [0x00000000e7c00000,0x00000000e8a986a0,0x00000000ea880000)
  to   space 44032K, 0% used [0x00000000ec400000,0x00000000ec400000,0x00000000eef00000)
 ParOldGen       total 248832K, used 62186K [0x0000000080000000, 0x000000008f300000, 0x00000000d5580000)
  object space 248832K, 24% used [0x0000000080000000,0x0000000083cba820,0x000000008f300000)
 Metaspace       used 94166K, capacity 98822K, committed 102528K, reserved 1136640K
  class space    used 12516K, capacity 13479K, committed 14464K, reserved 1048576K
}
Event: 225.580 GC heap before
{Heap before GC invocations=22 (full 4):
 PSYoungGen      total 347136K, used 316513K [0x00000000d5580000, 0x00000000eef00000, 0x0000000100000000)
  eden space 301568K, 100% used [0x00000000d5580000,0x00000000e7c00000,0x00000000e7c00000)
  from space 45568K, 32% used [0x00000000e7c00000,0x00000000e8a986a0,0x00000000ea880000)
  to   space 44032K, 0% used [0x00000000ec400000,0x00000000ec400000,0x00000000eef00000)
 ParOldGen       total 248832K, used 62186K [0x0000000080000000, 0x000000008f300000, 0x00000000d5580000)
  object space 248832K, 24% used [0x0000000080000000,0x0000000083cba820,0x000000008f300000)
 Metaspace       used 112441K, capacity 117352K, committed 120576K, reserved 1153024K
  class space    used 14475K, capacity 15477K, committed 16384K, reserved 1048576K
Event: 225.642 GC heap after
Heap after GC invocations=22 (full 4):
 PSYoungGen      total 352768K, used 44031K [0x00000000d5580000, 0x00000000f1780000, 0x0000000100000000)
  eden space 308736K, 0% used [0x00000000d5580000,0x00000000d5580000,0x00000000e8300000)
  from space 44032K, 99% used [0x00000000ec400000,0x00000000eeefff70,0x00000000eef00000)
  to   space 66560K, 0% used [0x00000000e8300000,0x00000000e8300000,0x00000000ec400000)
 ParOldGen       total 248832K, used 105069K [0x0000000080000000, 0x000000008f300000, 0x00000000d5580000)
  object space 248832K, 42% used [0x0000000080000000,0x000000008669b590,0x000000008f300000)
 Metaspace       used 112441K, capacity 117352K, committed 120576K, reserved 1153024K
  class space    used 14475K, capacity 15477K, committed 16384K, reserved 1048576K
}
Event: 239.154 GC heap before
{Heap before GC invocations=23 (full 4):
 PSYoungGen      total 352768K, used 352767K [0x00000000d5580000, 0x00000000f1780000, 0x0000000100000000)
  eden space 308736K, 100% used [0x00000000d5580000,0x00000000e8300000,0x00000000e8300000)
  from space 44032K, 99% used [0x00000000ec400000,0x00000000eeefff70,0x00000000eef00000)
  to   space 66560K, 0% used [0x00000000e8300000,0x00000000e8300000,0x00000000ec400000)
 ParOldGen       total 248832K, used 105069K [0x0000000080000000, 0x000000008f300000, 0x00000000d5580000)
  object space 248832K, 42% used [0x0000000080000000,0x000000008669b590,0x000000008f300000)
 Metaspace       used 117660K, capacity 122730K, committed 125824K, reserved 1159168K
  class space    used 15158K, capacity 16234K, committed 17024K, reserved 1048576K
Event: 239.220 GC heap after
Heap after GC invocations=23 (full 4):
 PSYoungGen      total 375296K, used 66547K [0x00000000d5580000, 0x00000000f3a00000, 0x0000000100000000)
  eden space 308736K, 0% used [0x00000000d5580000,0x00000000d5580000,0x00000000e8300000)
  from space 66560K, 99% used [0x00000000e8300000,0x00000000ec3fcda8,0x00000000ec400000)
  to   space 81920K, 0% used [0x00000000eea00000,0x00000000eea00000,0x00000000f3a00000)
 ParOldGen       total 248832K, used 117357K [0x0000000080000000, 0x000000008f300000, 0x00000000d5580000)
  object space 248832K, 47% used [0x0000000080000000,0x000000008729b580,0x000000008f300000)
 Metaspace       used 117660K, capacity 122730K, committed 125824K, reserved 1159168K
  class space    used 15158K, capacity 16234K, committed 17024K, reserved 1048576K
}
Event: 262.585 GC heap before
{Heap before GC invocations=24 (full 4):
 PSYoungGen      total 375296K, used 375283K [0x00000000d5580000, 0x00000000f3a00000, 0x0000000100000000)
  eden space 308736K, 100% used [0x00000000d5580000,0x00000000e8300000,0x00000000e8300000)
  from space 66560K, 99% used [0x00000000e8300000,0x00000000ec3fcda8,0x00000000ec400000)
  to   space 81920K, 0% used [0x00000000eea00000,0x00000000eea00000,0x00000000f3a00000)
 ParOldGen       total 248832K, used 117357K [0x0000000080000000, 0x000000008f300000, 0x00000000d5580000)
  object space 248832K, 47% used [0x0000000080000000,0x000000008729b580,0x000000008f300000)
 Metaspace       used 120244K, capacity 125484K, committed 128128K, reserved 1161216K
  class space    used 15402K, capacity 16488K, committed 17280K, reserved 1048576K
Event: 262.654 GC heap after
Heap after GC invocations=24 (full 4):
 PSYoungGen      total 401920K, used 77119K [0x00000000d5580000, 0x00000000f4f00000, 0x0000000100000000)
  eden space 320000K, 0% used [0x00000000d5580000,0x00000000d5580000,0x00000000e8e00000)
  from space 81920K, 94% used [0x00000000eea00000,0x00000000f354fd78,0x00000000f3a00000)
  to   space 94208K, 0% used [0x00000000e8e00000,0x00000000e8e00000,0x00000000eea00000)
 ParOldGen       total 248832K, used 117365K [0x0000000080000000, 0x000000008f300000, 0x00000000d5580000)
  object space 248832K, 47% used [0x0000000080000000,0x000000008729d580,0x000000008f300000)
 Metaspace       used 120244K, capacity 125484K, committed 128128K, reserved 1161216K
  class space    used 15402K, capacity 16488K, committed 17280K, reserved 1048576K
}
Event: 265.408 GC heap before
{Heap before GC invocations=25 (full 4):
 PSYoungGen      total 401920K, used 397119K [0x00000000d5580000, 0x00000000f4f00000, 0x0000000100000000)
  eden space 320000K, 100% used [0x00000000d5580000,0x00000000e8e00000,0x00000000e8e00000)
  from space 81920K, 94% used [0x00000000eea00000,0x00000000f354fd78,0x00000000f3a00000)
  to   space 94208K, 0% used [0x00000000e8e00000,0x00000000e8e00000,0x00000000eea00000)
 ParOldGen       total 248832K, used 117365K [0x0000000080000000, 0x000000008f300000, 0x00000000d5580000)
  object space 248832K, 47% used [0x0000000080000000,0x000000008729d580,0x000000008f300000)
 Metaspace       used 133428K, capacity 138788K, committed 141184K, reserved 1171456K
  class space    used 16973K, capacity 18104K, committed 18816K, reserved 1048576K
Event: 265.544 GC heap after
Heap after GC invocations=25 (full 4):
 PSYoungGen      total 414208K, used 94182K [0x00000000d5580000, 0x00000000fb780000, 0x0000000100000000)
  eden space 320000K, 0% used [0x00000000d5580000,0x00000000d5580000,0x00000000e8e00000)
  from space 94208K, 99% used [0x00000000e8e00000,0x00000000ee9f9970,0x00000000eea00000)
  to   space 133120K, 0% used [0x00000000f3580000,0x00000000f3580000,0x00000000fb780000)
 ParOldGen       total 248832K, used 180213K [0x0000000080000000, 0x000000008f300000, 0x00000000d5580000)
  object space 248832K, 72% used [0x0000000080000000,0x000000008affd660,0x000000008f300000)
 Metaspace       used 133428K, capacity 138788K, committed 141184K, reserved 1171456K
  class space    used 16973K, capacity 18104K, committed 18816K, reserved 1048576K
}

