# JRE version: OpenJDK Runtime Environment (8.0_242-b01) (build 1.8.0_242-release-1644-b01)
# Java VM: OpenJDK 64-Bit Server VM (25.242-b01 mixed mode windows-amd64 compressed oops)
Heap:
 PSYoungGen      total 399360K, used 111268K [0x00000000d5580000, 0x00000000f2f80000, 0x0000000100000000)
  eden space 320512K, 18% used [0x00000000d5580000,0x00000000d8fa7e10,0x00000000e8e80000)
  from space 78848K, 65% used [0x00000000ee000000,0x00000000f12811f8,0x00000000f2d00000)
  to   space 82432K, 0% used [0x00000000e8e80000,0x00000000e8e80000,0x00000000edf00000)
 ParOldGen       total 247808K, used 162647K [0x0000000080000000, 0x000000008f200000, 0x00000000d5580000)
  object space 247808K, 65% used [0x0000000080000000,0x0000000089ed5cc0,0x000000008f200000)
 Metaspace       used 128007K, capacity 134036K, committed 134092K, reserved 1165312K
  class space    used 16147K, capacity 17397K, committed 17408K, reserved 1048576K
GC Heap History (10 events):
Event: 1270.825 GC heap before
{Heap before GC invocations=20 (full 4):
 PSYoungGen      total 309760K, used 271360K [0x00000000d5580000, 0x00000000ecc80000, 0x0000000100000000)
  eden space 271360K, 100% used [0x00000000d5580000,0x00000000e5e80000,0x00000000e5e80000)
  from space 38400K, 0% used [0x00000000e5e80000,0x00000000e5e80000,0x00000000e8400000)
  to   space 37376K, 0% used [0x00000000ea800000,0x00000000ea800000,0x00000000ecc80000)
 ParOldGen       total 247808K, used 59795K [0x0000000080000000, 0x000000008f200000, 0x00000000d5580000)
  object space 247808K, 24% used [0x0000000080000000,0x0000000083a64d10,0x000000008f200000)
 Metaspace       used 97911K, capacity 102760K, committed 102860K, reserved 1138688K
  class space    used 12751K, capacity 13778K, committed 13824K, reserved 1048576K
Event: 1270.840 GC heap after
Heap after GC invocations=20 (full 4):
 PSYoungGen      total 347136K, used 18941K [0x00000000d5580000, 0x00000000ed000000, 0x0000000100000000)
  eden space 309760K, 0% used [0x00000000d5580000,0x00000000d5580000,0x00000000e8400000)
  from space 37376K, 50% used [0x00000000ea800000,0x00000000eba7f5a8,0x00000000ecc80000)
  to   space 36864K, 0% used [0x00000000e8400000,0x00000000e8400000,0x00000000ea800000)
 ParOldGen       total 247808K, used 59803K [0x0000000080000000, 0x000000008f200000, 0x00000000d5580000)
  object space 247808K, 24% used [0x0000000080000000,0x0000000083a66d10,0x000000008f200000)
 Metaspace       used 97911K, capacity 102760K, committed 102860K, reserved 1138688K
  class space    used 12751K, capacity 13778K, committed 13824K, reserved 1048576K
}
Event: 1284.069 GC heap before
{Heap before GC invocations=21 (full 4):
 PSYoungGen      total 347136K, used 328701K [0x00000000d5580000, 0x00000000ed000000, 0x0000000100000000)
  eden space 309760K, 100% used [0x00000000d5580000,0x00000000e8400000,0x00000000e8400000)
  from space 37376K, 50% used [0x00000000ea800000,0x00000000eba7f5a8,0x00000000ecc80000)
  to   space 36864K, 0% used [0x00000000e8400000,0x00000000e8400000,0x00000000ea800000)
 ParOldGen       total 247808K, used 59803K [0x0000000080000000, 0x000000008f200000, 0x00000000d5580000)
  object space 247808K, 24% used [0x0000000080000000,0x0000000083a66d10,0x000000008f200000)
 Metaspace       used 106475K, capacity 111836K, committed 111948K, reserved 1146880K
  class space    used 13741K, capacity 14877K, committed 14976K, reserved 1048576K
Event: 1284.083 GC heap after
Heap after GC invocations=21 (full 4):
 PSYoungGen      total 346624K, used 28181K [0x00000000d5580000, 0x00000000eec00000, 0x0000000100000000)
  eden space 309760K, 0% used [0x00000000d5580000,0x00000000d5580000,0x00000000e8400000)
  from space 36864K, 76% used [0x00000000e8400000,0x00000000e9f85778,0x00000000ea800000)
  to   space 39936K, 0% used [0x00000000ec500000,0x00000000ec500000,0x00000000eec00000)
 ParOldGen       total 247808K, used 59811K [0x0000000080000000, 0x000000008f200000, 0x00000000d5580000)
  object space 247808K, 24% used [0x0000000080000000,0x0000000083a68d10,0x000000008f200000)
 Metaspace       used 106475K, capacity 111836K, committed 111948K, reserved 1146880K
  class space    used 13741K, capacity 14877K, committed 14976K, reserved 1048576K
}
Event: 1287.410 GC heap before
{Heap before GC invocations=22 (full 4):
 PSYoungGen      total 346624K, used 337941K [0x00000000d5580000, 0x00000000eec00000, 0x0000000100000000)
  eden space 309760K, 100% used [0x00000000d5580000,0x00000000e8400000,0x00000000e8400000)
  from space 36864K, 76% used [0x00000000e8400000,0x00000000e9f85778,0x00000000ea800000)
  to   space 39936K, 0% used [0x00000000ec500000,0x00000000ec500000,0x00000000eec00000)
 ParOldGen       total 247808K, used 59811K [0x0000000080000000, 0x000000008f200000, 0x00000000d5580000)
  object space 247808K, 24% used [0x0000000080000000,0x0000000083a68d10,0x000000008f200000)
 Metaspace       used 122631K, capacity 128050K, committed 128332K, reserved 1161216K
  class space    used 15560K, capacity 16719K, committed 16768K, reserved 1048576K
Event: 1287.480 GC heap after
Heap after GC invocations=22 (full 4):
 PSYoungGen      total 337408K, used 39930K [0x00000000d5580000, 0x00000000f3f80000, 0x0000000100000000)
  eden space 297472K, 0% used [0x00000000d5580000,0x00000000d5580000,0x00000000e7800000)
  from space 39936K, 99% used [0x00000000ec500000,0x00000000eebfe880,0x00000000eec00000)
  to   space 78848K, 0% used [0x00000000e7800000,0x00000000e7800000,0x00000000ec500000)
 ParOldGen       total 247808K, used 148792K [0x0000000080000000, 0x000000008f200000, 0x00000000d5580000)
  object space 247808K, 60% used [0x0000000080000000,0x000000008914e388,0x000000008f200000)
 Metaspace       used 122631K, capacity 128050K, committed 128332K, reserved 1161216K
  class space    used 15560K, capacity 16719K, committed 16768K, reserved 1048576K
}
Event: 1315.042 GC heap before
{Heap before GC invocations=23 (full 4):
 PSYoungGen      total 337408K, used 337402K [0x00000000d5580000, 0x00000000f3f80000, 0x0000000100000000)
  eden space 297472K, 100% used [0x00000000d5580000,0x00000000e7800000,0x00000000e7800000)
  from space 39936K, 99% used [0x00000000ec500000,0x00000000eebfe880,0x00000000eec00000)
  to   space 78848K, 0% used [0x00000000e7800000,0x00000000e7800000,0x00000000ec500000)
 ParOldGen       total 247808K, used 148792K [0x0000000080000000, 0x000000008f200000, 0x00000000d5580000)
  object space 247808K, 60% used [0x0000000080000000,0x000000008914e388,0x000000008f200000)
 Metaspace       used 123361K, capacity 128940K, committed 129228K, reserved 1161216K
  class space    used 15621K, capacity 16808K, committed 16896K, reserved 1048576K
Event: 1315.092 GC heap after
Heap after GC invocations=23 (full 4):
 PSYoungGen      total 376320K, used 41133K [0x00000000d5580000, 0x00000000f2d00000, 0x0000000100000000)
  eden space 297472K, 0% used [0x00000000d5580000,0x00000000d5580000,0x00000000e7800000)
  from space 78848K, 52% used [0x00000000e7800000,0x00000000ea02b4e8,0x00000000ec500000)
  to   space 78848K, 0% used [0x00000000ee000000,0x00000000ee000000,0x00000000f2d00000)
 ParOldGen       total 247808K, used 162639K [0x0000000080000000, 0x000000008f200000, 0x00000000d5580000)
  object space 247808K, 65% used [0x0000000080000000,0x0000000089ed3cc0,0x000000008f200000)
 Metaspace       used 123361K, capacity 128940K, committed 129228K, reserved 1161216K
  class space    used 15621K, capacity 16808K, committed 16896K, reserved 1048576K
}
Event: 1341.888 GC heap before
{Heap before GC invocations=24 (full 4):
 PSYoungGen      total 376320K, used 338605K [0x00000000d5580000, 0x00000000f2d00000, 0x0000000100000000)
  eden space 297472K, 100% used [0x00000000d5580000,0x00000000e7800000,0x00000000e7800000)
  from space 78848K, 52% used [0x00000000e7800000,0x00000000ea02b4e8,0x00000000ec500000)
  to   space 78848K, 0% used [0x00000000ee000000,0x00000000ee000000,0x00000000f2d00000)
 ParOldGen       total 247808K, used 162639K [0x0000000080000000, 0x000000008f200000, 0x00000000d5580000)
  object space 247808K, 65% used [0x0000000080000000,0x0000000089ed3cc0,0x000000008f200000)
 Metaspace       used 126675K, capacity 132442K, committed 132684K, reserved 1165312K
  class space    used 15957K, capacity 17170K, committed 17280K, reserved 1048576K
Event: 1341.930 GC heap after
Heap after GC invocations=24 (full 4):
 PSYoungGen      total 399360K, used 51716K [0x00000000d5580000, 0x00000000f2f80000, 0x0000000100000000)
  eden space 320512K, 0% used [0x00000000d5580000,0x00000000d5580000,0x00000000e8e80000)
  from space 78848K, 65% used [0x00000000ee000000,0x00000000f12811f8,0x00000000f2d00000)
  to   space 82432K, 0% used [0x00000000e8e80000,0x00000000e8e80000,0x00000000edf00000)
 ParOldGen       total 247808K, used 162647K [0x0000000080000000, 0x000000008f200000, 0x00000000d5580000)
  object space 247808K, 65% used [0x0000000080000000,0x0000000089ed5cc0,0x000000008f200000)
 Metaspace       used 126675K, capacity 132442K, committed 132684K, reserved 1165312K
  class space    used 15957K, capacity 17170K, committed 17280K, reserved 1048576K
}

