# JRE version: OpenJDK Runtime Environment (8.0_242-b01) (build 1.8.0_242-release-1644-b01)
# Java VM: OpenJDK 64-Bit Server VM (25.242-b01 mixed mode windows-amd64 compressed oops)
Heap:
 PSYoungGen      total 492032K, used 271533K [0x00000000d5580000, 0x0000000100000000, 0x0000000100000000)
  eden space 358912K, 38% used [0x00000000d5580000,0x00000000ddcad870,0x00000000eb400000)
  from space 133120K, 99% used [0x00000000f6d80000,0x00000000fef7ddf0,0x00000000fef80000)
  to   space 169984K, 0% used [0x00000000eb400000,0x00000000eb400000,0x00000000f5a00000)
 ParOldGen       total 435712K, used 156532K [0x0000000080000000, 0x000000009a980000, 0x00000000d5580000)
  object space 435712K, 35% used [0x0000000080000000,0x00000000898dd278,0x000000009a980000)
 Metaspace       used 174769K, capacity 182797K, committed 183064K, reserved 1208320K
  class space    used 21705K, capacity 23251K, committed 23336K, reserved 1048576K
GC Heap History (10 events):
Event: 942.947 GC heap before
{Heap before GC invocations=27 (full 5):
 PSYoungGen      total 498176K, used 404609K [0x00000000d5580000, 0x00000000fe480000, 0x0000000100000000)
  eden space 346112K, 100% used [0x00000000d5580000,0x00000000ea780000,0x00000000ea780000)
  from space 152064K, 38% used [0x00000000ea780000,0x00000000ee0a04b8,0x00000000f3c00000)
  to   space 143872K, 0% used [0x00000000f5800000,0x00000000f5800000,0x00000000fe480000)
 ParOldGen       total 435712K, used 110179K [0x0000000080000000, 0x000000009a980000, 0x00000000d5580000)
  object space 435712K, 25% used [0x0000000080000000,0x0000000086b98f20,0x000000009a980000)
 Metaspace       used 147434K, capacity 154275K, committed 155032K, reserved 1183744K
  class space    used 18497K, capacity 19848K, committed 20136K, reserved 1048576K
Event: 942.970 GC heap after
Heap after GC invocations=27 (full 5):
 PSYoungGen      total 495104K, used 52853K [0x00000000d5580000, 0x00000000fcc80000, 0x0000000100000000)
  eden space 375808K, 0% used [0x00000000d5580000,0x00000000d5580000,0x00000000ec480000)
  from space 119296K, 44% used [0x00000000f5800000,0x00000000f8b9d6c8,0x00000000fcc80000)
  to   space 135168K, 0% used [0x00000000ec480000,0x00000000ec480000,0x00000000f4880000)
 ParOldGen       total 435712K, used 110187K [0x0000000080000000, 0x000000009a980000, 0x00000000d5580000)
  object space 435712K, 25% used [0x0000000080000000,0x0000000086b9af20,0x000000009a980000)
 Metaspace       used 147434K, capacity 154275K, committed 155032K, reserved 1183744K
  class space    used 18497K, capacity 19848K, committed 20136K, reserved 1048576K
}
Event: 1118.561 GC heap before
{Heap before GC invocations=28 (full 5):
 PSYoungGen      total 495104K, used 428661K [0x00000000d5580000, 0x00000000fcc80000, 0x0000000100000000)
  eden space 375808K, 100% used [0x00000000d5580000,0x00000000ec480000,0x00000000ec480000)
  from space 119296K, 44% used [0x00000000f5800000,0x00000000f8b9d6c8,0x00000000fcc80000)
  to   space 135168K, 0% used [0x00000000ec480000,0x00000000ec480000,0x00000000f4880000)
 ParOldGen       total 435712K, used 110187K [0x0000000080000000, 0x000000009a980000, 0x00000000d5580000)
  object space 435712K, 25% used [0x0000000080000000,0x0000000086b9af20,0x000000009a980000)
 Metaspace       used 148420K, capacity 156093K, committed 156312K, reserved 1185792K
  class space    used 18630K, capacity 20087K, committed 20136K, reserved 1048576K
Event: 1118.590 GC heap after
Heap after GC invocations=28 (full 5):
 PSYoungGen      total 510976K, used 62269K [0x00000000d5580000, 0x00000000fdb80000, 0x0000000100000000)
  eden space 375808K, 0% used [0x00000000d5580000,0x00000000d5580000,0x00000000ec480000)
  from space 135168K, 46% used [0x00000000ec480000,0x00000000f014f448,0x00000000f4880000)
  to   space 130048K, 0% used [0x00000000f5c80000,0x00000000f5c80000,0x00000000fdb80000)
 ParOldGen       total 435712K, used 110195K [0x0000000080000000, 0x000000009a980000, 0x00000000d5580000)
  object space 435712K, 25% used [0x0000000080000000,0x0000000086b9cf20,0x000000009a980000)
 Metaspace       used 148420K, capacity 156093K, committed 156312K, reserved 1185792K
  class space    used 18630K, capacity 20087K, committed 20136K, reserved 1048576K
}
Event: 1120.248 GC heap before
{Heap before GC invocations=29 (full 5):
 PSYoungGen      total 510976K, used 438077K [0x00000000d5580000, 0x00000000fdb80000, 0x0000000100000000)
  eden space 375808K, 100% used [0x00000000d5580000,0x00000000ec480000,0x00000000ec480000)
  from space 135168K, 46% used [0x00000000ec480000,0x00000000f014f448,0x00000000f4880000)
  to   space 130048K, 0% used [0x00000000f5c80000,0x00000000f5c80000,0x00000000fdb80000)
 ParOldGen       total 435712K, used 110195K [0x0000000080000000, 0x000000009a980000, 0x00000000d5580000)
  object space 435712K, 25% used [0x0000000080000000,0x0000000086b9cf20,0x000000009a980000)
 Metaspace       used 160958K, capacity 168717K, committed 168856K, reserved 1196032K
  class space    used 20121K, capacity 21591K, committed 21672K, reserved 1048576K
Event: 1120.289 GC heap after
Heap after GC invocations=29 (full 5):
 PSYoungGen      total 521728K, used 101380K [0x00000000d5580000, 0x00000000ffa00000, 0x0000000100000000)
  eden space 391680K, 0% used [0x00000000d5580000,0x00000000d5580000,0x00000000ed400000)
  from space 130048K, 77% used [0x00000000f5c80000,0x00000000fbf812b8,0x00000000fdb80000)
  to   space 139776K, 0% used [0x00000000ed400000,0x00000000ed400000,0x00000000f5c80000)
 ParOldGen       total 435712K, used 110203K [0x0000000080000000, 0x000000009a980000, 0x00000000d5580000)
  object space 435712K, 25% used [0x0000000080000000,0x0000000086b9ef20,0x000000009a980000)
 Metaspace       used 160958K, capacity 168717K, committed 168856K, reserved 1196032K
  class space    used 20121K, capacity 21591K, committed 21672K, reserved 1048576K
}
Event: 1170.377 GC heap before
{Heap before GC invocations=30 (full 5):
 PSYoungGen      total 521728K, used 493060K [0x00000000d5580000, 0x00000000ffa00000, 0x0000000100000000)
  eden space 391680K, 100% used [0x00000000d5580000,0x00000000ed400000,0x00000000ed400000)
  from space 130048K, 77% used [0x00000000f5c80000,0x00000000fbf812b8,0x00000000fdb80000)
  to   space 139776K, 0% used [0x00000000ed400000,0x00000000ed400000,0x00000000f5c80000)
 ParOldGen       total 435712K, used 110203K [0x0000000080000000, 0x000000009a980000, 0x00000000d5580000)
  object space 435712K, 25% used [0x0000000080000000,0x0000000086b9ef20,0x000000009a980000)
 Metaspace       used 161617K, capacity 169425K, committed 169624K, reserved 1198080K
  class space    used 20152K, capacity 21643K, committed 21672K, reserved 1048576K
Event: 1170.413 GC heap after
Heap after GC invocations=30 (full 5):
 PSYoungGen      total 531456K, used 63658K [0x00000000d5580000, 0x00000000fef80000, 0x0000000100000000)
  eden space 391680K, 0% used [0x00000000d5580000,0x00000000d5580000,0x00000000ed400000)
  from space 139776K, 45% used [0x00000000ed400000,0x00000000f122aa50,0x00000000f5c80000)
  to   space 133120K, 0% used [0x00000000f6d80000,0x00000000f6d80000,0x00000000fef80000)
 ParOldGen       total 435712K, used 110211K [0x0000000080000000, 0x000000009a980000, 0x00000000d5580000)
  object space 435712K, 25% used [0x0000000080000000,0x0000000086ba0f20,0x000000009a980000)
 Metaspace       used 161617K, capacity 169425K, committed 169624K, reserved 1198080K
  class space    used 20152K, capacity 21643K, committed 21672K, reserved 1048576K
}
Event: 1172.285 GC heap before
{Heap before GC invocations=31 (full 5):
 PSYoungGen      total 531456K, used 455338K [0x00000000d5580000, 0x00000000fef80000, 0x0000000100000000)
  eden space 391680K, 100% used [0x00000000d5580000,0x00000000ed400000,0x00000000ed400000)
  from space 139776K, 45% used [0x00000000ed400000,0x00000000f122aa50,0x00000000f5c80000)
  to   space 133120K, 0% used [0x00000000f6d80000,0x00000000f6d80000,0x00000000fef80000)
 ParOldGen       total 435712K, used 110211K [0x0000000080000000, 0x000000009a980000, 0x00000000d5580000)
  object space 435712K, 25% used [0x0000000080000000,0x0000000086ba0f20,0x000000009a980000)
 Metaspace       used 174442K, capacity 182421K, committed 182680K, reserved 1208320K
  class space    used 21675K, capacity 23199K, committed 23208K, reserved 1048576K
Event: 1172.375 GC heap after
Heap after GC invocations=31 (full 5):
 PSYoungGen      total 492032K, used 133111K [0x00000000d5580000, 0x0000000100000000, 0x0000000100000000)
  eden space 358912K, 0% used [0x00000000d5580000,0x00000000d5580000,0x00000000eb400000)
  from space 133120K, 99% used [0x00000000f6d80000,0x00000000fef7ddf0,0x00000000fef80000)
  to   space 169984K, 0% used [0x00000000eb400000,0x00000000eb400000,0x00000000f5a00000)
 ParOldGen       total 435712K, used 156532K [0x0000000080000000, 0x000000009a980000, 0x00000000d5580000)
  object space 435712K, 35% used [0x0000000080000000,0x00000000898dd278,0x000000009a980000)
 Metaspace       used 174442K, capacity 182421K, committed 182680K, reserved 1208320K
  class space    used 21675K, capacity 23199K, committed 23208K, reserved 1048576K
}

