# JRE version: OpenJDK Runtime Environment (8.0_242-b01) (build 1.8.0_242-release-1644-b01)
# Java VM: OpenJDK 64-Bit Server VM (25.242-b01 mixed mode windows-amd64 compressed oops)
Heap:
 PSYoungGen      total 347648K, used 161368K [0x00000000d5580000, 0x00000000ee980000, 0x0000000100000000)
  eden space 308224K, 39% used [0x00000000d5580000,0x00000000dcc9c868,0x00000000e8280000)
  from space 39424K, 99% used [0x00000000ec300000,0x00000000ee9799f0,0x00000000ee980000)
  to   space 33280K, 0% used [0x00000000e8280000,0x00000000e8280000,0x00000000ea300000)
 ParOldGen       total 260608K, used 157236K [0x0000000080000000, 0x000000008fe80000, 0x00000000d5580000)
  object space 260608K, 60% used [0x0000000080000000,0x000000008998d320,0x000000008fe80000)
 Metaspace       used 123728K, capacity 129196K, committed 129368K, reserved 1161216K
  class space    used 15805K, capacity 16936K, committed 17024K, reserved 1048576K
GC Heap History (10 events):
Event: 1993.475 GC heap before
{Heap before GC invocations=18 (full 3):
 PSYoungGen      total 295424K, used 245907K [0x00000000d5580000, 0x00000000eaa00000, 0x0000000100000000)
  eden space 268288K, 81% used [0x00000000d5580000,0x00000000e2b28250,0x00000000e5b80000)
  from space 27136K, 99% used [0x00000000e7f00000,0x00000000e997caa8,0x00000000e9980000)
  to   space 36352K, 0% used [0x00000000e5b80000,0x00000000e5b80000,0x00000000e7f00000)
 ParOldGen       total 159744K, used 54939K [0x0000000080000000, 0x0000000089c00000, 0x00000000d5580000)
  object space 159744K, 34% used [0x0000000080000000,0x00000000835a6df8,0x0000000089c00000)
 Metaspace       used 93125K, capacity 98176K, committed 98264K, reserved 1134592K
  class space    used 12209K, capacity 13250K, committed 13312K, reserved 1048576K
Event: 1993.519 GC heap after
Heap after GC invocations=18 (full 3):
 PSYoungGen      total 304640K, used 15544K [0x00000000d5580000, 0x00000000ec500000, 0x0000000100000000)
  eden space 268288K, 0% used [0x00000000d5580000,0x00000000d5580000,0x00000000e5b80000)
  from space 36352K, 42% used [0x00000000e5b80000,0x00000000e6aae3d8,0x00000000e7f00000)
  to   space 34816K, 0% used [0x00000000ea300000,0x00000000ea300000,0x00000000ec500000)
 ParOldGen       total 159744K, used 80957K [0x0000000080000000, 0x0000000089c00000, 0x00000000d5580000)
  object space 159744K, 50% used [0x0000000080000000,0x0000000084f0f520,0x0000000089c00000)
 Metaspace       used 93125K, capacity 98176K, committed 98264K, reserved 1134592K
  class space    used 12209K, capacity 13250K, committed 13312K, reserved 1048576K
}
Event: 1993.519 GC heap before
{Heap before GC invocations=19 (full 4):
 PSYoungGen      total 304640K, used 15544K [0x00000000d5580000, 0x00000000ec500000, 0x0000000100000000)
  eden space 268288K, 0% used [0x00000000d5580000,0x00000000d5580000,0x00000000e5b80000)
  from space 36352K, 42% used [0x00000000e5b80000,0x00000000e6aae3d8,0x00000000e7f00000)
  to   space 34816K, 0% used [0x00000000ea300000,0x00000000ea300000,0x00000000ec500000)
 ParOldGen       total 159744K, used 80957K [0x0000000080000000, 0x0000000089c00000, 0x00000000d5580000)
  object space 159744K, 50% used [0x0000000080000000,0x0000000084f0f520,0x0000000089c00000)
 Metaspace       used 93125K, capacity 98176K, committed 98264K, reserved 1134592K
  class space    used 12209K, capacity 13250K, committed 13312K, reserved 1048576K
Event: 1993.732 GC heap after
Heap after GC invocations=19 (full 4):
 PSYoungGen      total 304640K, used 0K [0x00000000d5580000, 0x00000000ec500000, 0x0000000100000000)
  eden space 268288K, 0% used [0x00000000d5580000,0x00000000d5580000,0x00000000e5b80000)
  from space 36352K, 0% used [0x00000000e5b80000,0x00000000e5b80000,0x00000000e7f00000)
  to   space 34816K, 0% used [0x00000000ea300000,0x00000000ea300000,0x00000000ec500000)
 ParOldGen       total 260608K, used 69555K [0x0000000080000000, 0x000000008fe80000, 0x00000000d5580000)
  object space 260608K, 26% used [0x0000000080000000,0x00000000843ecd68,0x000000008fe80000)
 Metaspace       used 92780K, capacity 97182K, committed 98264K, reserved 1134592K
  class space    used 12102K, capacity 13039K, committed 13312K, reserved 1048576K
}
Event: 1998.311 GC heap before
{Heap before GC invocations=20 (full 4):
 PSYoungGen      total 304640K, used 268118K [0x00000000d5580000, 0x00000000ec500000, 0x0000000100000000)
  eden space 268288K, 99% used [0x00000000d5580000,0x00000000e5b55970,0x00000000e5b80000)
  from space 36352K, 0% used [0x00000000e5b80000,0x00000000e5b80000,0x00000000e7f00000)
  to   space 34816K, 0% used [0x00000000ea300000,0x00000000ea300000,0x00000000ec500000)
 ParOldGen       total 260608K, used 69555K [0x0000000080000000, 0x000000008fe80000, 0x00000000d5580000)
  object space 260608K, 26% used [0x0000000080000000,0x00000000843ecd68,0x000000008fe80000)
 Metaspace       used 97787K, capacity 102408K, committed 103256K, reserved 1138688K
  class space    used 12707K, capacity 13728K, committed 13952K, reserved 1048576K
Event: 1998.329 GC heap after
Heap after GC invocations=20 (full 4):
 PSYoungGen      total 343040K, used 10323K [0x00000000d5580000, 0x00000000ec500000, 0x0000000100000000)
  eden space 308224K, 0% used [0x00000000d5580000,0x00000000d5580000,0x00000000e8280000)
  from space 34816K, 29% used [0x00000000ea300000,0x00000000ead14f80,0x00000000ec500000)
  to   space 33280K, 0% used [0x00000000e8280000,0x00000000e8280000,0x00000000ea300000)
 ParOldGen       total 260608K, used 69563K [0x0000000080000000, 0x000000008fe80000, 0x00000000d5580000)
  object space 260608K, 26% used [0x0000000080000000,0x00000000843eed68,0x000000008fe80000)
 Metaspace       used 97787K, capacity 102408K, committed 103256K, reserved 1138688K
  class space    used 12707K, capacity 13728K, committed 13952K, reserved 1048576K
}
Event: 2023.835 GC heap before
{Heap before GC invocations=21 (full 4):
 PSYoungGen      total 343040K, used 318306K [0x00000000d5580000, 0x00000000ec500000, 0x0000000100000000)
  eden space 308224K, 99% used [0x00000000d5580000,0x00000000e8243b88,0x00000000e8280000)
  from space 34816K, 29% used [0x00000000ea300000,0x00000000ead14f80,0x00000000ec500000)
  to   space 33280K, 0% used [0x00000000e8280000,0x00000000e8280000,0x00000000ea300000)
 ParOldGen       total 260608K, used 69563K [0x0000000080000000, 0x000000008fe80000, 0x00000000d5580000)
  object space 260608K, 26% used [0x0000000080000000,0x00000000843eed68,0x000000008fe80000)
 Metaspace       used 109363K, capacity 114474K, committed 114776K, reserved 1148928K
  class space    used 14100K, capacity 15211K, committed 15232K, reserved 1048576K
Event: 2023.870 GC heap after
Heap after GC invocations=21 (full 4):
 PSYoungGen      total 341504K, used 33256K [0x00000000d5580000, 0x00000000ee980000, 0x0000000100000000)
  eden space 308224K, 0% used [0x00000000d5580000,0x00000000d5580000,0x00000000e8280000)
  from space 33280K, 99% used [0x00000000e8280000,0x00000000ea2fa010,0x00000000ea300000)
  to   space 39424K, 0% used [0x00000000ec300000,0x00000000ec300000,0x00000000ee980000)
 ParOldGen       total 260608K, used 71787K [0x0000000080000000, 0x000000008fe80000, 0x00000000d5580000)
  object space 260608K, 27% used [0x0000000080000000,0x000000008461adc0,0x000000008fe80000)
 Metaspace       used 109363K, capacity 114474K, committed 114776K, reserved 1148928K
  class space    used 14100K, capacity 15211K, committed 15232K, reserved 1048576K
}
Event: 2026.015 GC heap before
{Heap before GC invocations=22 (full 4):
 PSYoungGen      total 341504K, used 341480K [0x00000000d5580000, 0x00000000ee980000, 0x0000000100000000)
  eden space 308224K, 100% used [0x00000000d5580000,0x00000000e8280000,0x00000000e8280000)
  from space 33280K, 99% used [0x00000000e8280000,0x00000000ea2fa010,0x00000000ea300000)
  to   space 39424K, 0% used [0x00000000ec300000,0x00000000ec300000,0x00000000ee980000)
 ParOldGen       total 260608K, used 71787K [0x0000000080000000, 0x000000008fe80000, 0x00000000d5580000)
  object space 260608K, 27% used [0x0000000080000000,0x000000008461adc0,0x000000008fe80000)
 Metaspace       used 117264K, capacity 122588K, committed 122712K, reserved 1155072K
  class space    used 15045K, capacity 16168K, committed 16256K, reserved 1048576K
Event: 2026.132 GC heap after
Heap after GC invocations=22 (full 4):
 PSYoungGen      total 347648K, used 39398K [0x00000000d5580000, 0x00000000ee980000, 0x0000000100000000)
  eden space 308224K, 0% used [0x00000000d5580000,0x00000000d5580000,0x00000000e8280000)
  from space 39424K, 99% used [0x00000000ec300000,0x00000000ee9799f0,0x00000000ee980000)
  to   space 33280K, 0% used [0x00000000e8280000,0x00000000e8280000,0x00000000ea300000)
 ParOldGen       total 260608K, used 157236K [0x0000000080000000, 0x000000008fe80000, 0x00000000d5580000)
  object space 260608K, 60% used [0x0000000080000000,0x000000008998d320,0x000000008fe80000)
 Metaspace       used 117264K, capacity 122588K, committed 122712K, reserved 1155072K
  class space    used 15045K, capacity 16168K, committed 16256K, reserved 1048576K
}

