# JRE version: OpenJDK Runtime Environment (8.0_242-b01) (build 1.8.0_242-release-1644-b01)
# Java VM: OpenJDK 64-Bit Server VM (25.242-b01 mixed mode windows-amd64 compressed oops)
Heap:
 PSYoungGen      total 435712K, used 223131K [0x00000000d5580000, 0x00000000f3000000, 0x0000000100000000)
  eden space 400896K, 47% used [0x00000000d5580000,0x00000000e0f88cb8,0x00000000edd00000)
  from space 34816K, 93% used [0x00000000f0e00000,0x00000000f2dde320,0x00000000f3000000)
  to   space 42496K, 0% used [0x00000000edd00000,0x00000000edd00000,0x00000000f0680000)
 ParOldGen       total 194560K, used 45429K [0x0000000080000000, 0x000000008be00000, 0x00000000d5580000)
  object space 194560K, 23% used [0x0000000080000000,0x0000000082c5d670,0x000000008be00000)
 Metaspace       used 107550K, capacity 112030K, committed 112984K, reserved 1146880K
  class space    used 13826K, capacity 14743K, committed 14976K, reserved 1048576K
GC Heap History (10 events):
Event: 16.418 GC heap before
{Heap before GC invocations=16 (full 3):
 PSYoungGen      total 302080K, used 302078K [0x00000000d5580000, 0x00000000e9980000, 0x0000000100000000)
  eden space 281600K, 100% used [0x00000000d5580000,0x00000000e6880000,0x00000000e6880000)
  from space 20480K, 99% used [0x00000000e8580000,0x00000000e997fa00,0x00000000e9980000)
  to   space 23552K, 0% used [0x00000000e6b80000,0x00000000e6b80000,0x00000000e8280000)
 ParOldGen       total 137728K, used 31890K [0x0000000080000000, 0x0000000088680000, 0x00000000d5580000)
  object space 137728K, 23% used [0x0000000080000000,0x0000000081f24b10,0x0000000088680000)
 Metaspace       used 83688K, capacity 87562K, committed 87768K, reserved 1124352K
  class space    used 11224K, capacity 11990K, committed 12032K, reserved 1048576K
Event: 16.440 GC heap after
Heap after GC invocations=16 (full 3):
 PSYoungGen      total 308224K, used 23534K [0x00000000d5580000, 0x00000000ee880000, 0x0000000100000000)
  eden space 284672K, 0% used [0x00000000d5580000,0x00000000d5580000,0x00000000e6b80000)
  from space 23552K, 99% used [0x00000000e6b80000,0x00000000e827b968,0x00000000e8280000)
  to   space 32768K, 0% used [0x00000000ec880000,0x00000000ec880000,0x00000000ee880000)
 ParOldGen       total 137728K, used 46497K [0x0000000080000000, 0x0000000088680000, 0x00000000d5580000)
  object space 137728K, 33% used [0x0000000080000000,0x0000000082d68770,0x0000000088680000)
 Metaspace       used 83688K, capacity 87562K, committed 87768K, reserved 1124352K
  class space    used 11224K, capacity 11990K, committed 12032K, reserved 1048576K
}
Event: 2553.476 GC heap before
{Heap before GC invocations=17 (full 3):
 PSYoungGen      total 308224K, used 283718K [0x00000000d5580000, 0x00000000ee880000, 0x0000000100000000)
  eden space 284672K, 91% used [0x00000000d5580000,0x00000000e53961b8,0x00000000e6b80000)
  from space 23552K, 99% used [0x00000000e6b80000,0x00000000e827b968,0x00000000e8280000)
  to   space 32768K, 0% used [0x00000000ec880000,0x00000000ec880000,0x00000000ee880000)
 ParOldGen       total 137728K, used 46497K [0x0000000080000000, 0x0000000088680000, 0x00000000d5580000)
  object space 137728K, 33% used [0x0000000080000000,0x0000000082d68770,0x0000000088680000)
 Metaspace       used 93225K, capacity 98198K, committed 98280K, reserved 1134592K
  class space    used 12208K, capacity 13231K, committed 13312K, reserved 1048576K
Event: 2553.504 GC heap after
Heap after GC invocations=17 (full 3):
 PSYoungGen      total 366592K, used 20367K [0x00000000d5580000, 0x00000000ee280000, 0x0000000100000000)
  eden space 339968K, 0% used [0x00000000d5580000,0x00000000d5580000,0x00000000ea180000)
  from space 26624K, 76% used [0x00000000ec880000,0x00000000edc63fc0,0x00000000ee280000)
  to   space 33280K, 0% used [0x00000000ea180000,0x00000000ea180000,0x00000000ec200000)
 ParOldGen       total 137728K, used 61651K [0x0000000080000000, 0x0000000088680000, 0x00000000d5580000)
  object space 137728K, 44% used [0x0000000080000000,0x0000000083c34ff8,0x0000000088680000)
 Metaspace       used 93225K, capacity 98198K, committed 98280K, reserved 1134592K
  class space    used 12208K, capacity 13231K, committed 13312K, reserved 1048576K
}
Event: 2553.504 GC heap before
{Heap before GC invocations=18 (full 4):
 PSYoungGen      total 366592K, used 20367K [0x00000000d5580000, 0x00000000ee280000, 0x0000000100000000)
  eden space 339968K, 0% used [0x00000000d5580000,0x00000000d5580000,0x00000000ea180000)
  from space 26624K, 76% used [0x00000000ec880000,0x00000000edc63fc0,0x00000000ee280000)
  to   space 33280K, 0% used [0x00000000ea180000,0x00000000ea180000,0x00000000ec200000)
 ParOldGen       total 137728K, used 61651K [0x0000000080000000, 0x0000000088680000, 0x00000000d5580000)
  object space 137728K, 44% used [0x0000000080000000,0x0000000083c34ff8,0x0000000088680000)
 Metaspace       used 93225K, capacity 98198K, committed 98280K, reserved 1134592K
  class space    used 12208K, capacity 13231K, committed 13312K, reserved 1048576K
Event: 2553.678 GC heap after
Heap after GC invocations=18 (full 4):
 PSYoungGen      total 366592K, used 0K [0x00000000d5580000, 0x00000000ee280000, 0x0000000100000000)
  eden space 339968K, 0% used [0x00000000d5580000,0x00000000d5580000,0x00000000ea180000)
  from space 26624K, 0% used [0x00000000ec880000,0x00000000ec880000,0x00000000ee280000)
  to   space 33280K, 0% used [0x00000000ea180000,0x00000000ea180000,0x00000000ec200000)
 ParOldGen       total 194560K, used 45413K [0x0000000080000000, 0x000000008be00000, 0x00000000d5580000)
  object space 194560K, 23% used [0x0000000080000000,0x0000000082c59670,0x000000008be00000)
 Metaspace       used 91689K, capacity 95184K, committed 98280K, reserved 1134592K
  class space    used 11899K, capacity 12670K, committed 13312K, reserved 1048576K
}
Event: 2556.136 GC heap before
{Heap before GC invocations=19 (full 4):
 PSYoungGen      total 366592K, used 339968K [0x00000000d5580000, 0x00000000ee280000, 0x0000000100000000)
  eden space 339968K, 100% used [0x00000000d5580000,0x00000000ea180000,0x00000000ea180000)
  from space 26624K, 0% used [0x00000000ec880000,0x00000000ec880000,0x00000000ee280000)
  to   space 33280K, 0% used [0x00000000ea180000,0x00000000ea180000,0x00000000ec200000)
 ParOldGen       total 194560K, used 45413K [0x0000000080000000, 0x000000008be00000, 0x00000000d5580000)
  object space 194560K, 23% used [0x0000000080000000,0x0000000082c59670,0x000000008be00000)
 Metaspace       used 94148K, capacity 98042K, committed 100184K, reserved 1136640K
  class space    used 12239K, capacity 13055K, committed 13440K, reserved 1048576K
Event: 2556.160 GC heap after
Heap after GC invocations=19 (full 4):
 PSYoungGen      total 373248K, used 32338K [0x00000000d5580000, 0x00000000f3380000, 0x0000000100000000)
  eden space 339968K, 0% used [0x00000000d5580000,0x00000000d5580000,0x00000000ea180000)
  from space 33280K, 97% used [0x00000000ea180000,0x00000000ec114a90,0x00000000ec200000)
  to   space 38400K, 0% used [0x00000000f0e00000,0x00000000f0e00000,0x00000000f3380000)
 ParOldGen       total 194560K, used 45421K [0x0000000080000000, 0x000000008be00000, 0x00000000d5580000)
  object space 194560K, 23% used [0x0000000080000000,0x0000000082c5b670,0x000000008be00000)
 Metaspace       used 94148K, capacity 98042K, committed 100184K, reserved 1136640K
  class space    used 12239K, capacity 13055K, committed 13440K, reserved 1048576K
}
Event: 2571.450 GC heap before
{Heap before GC invocations=20 (full 4):
 PSYoungGen      total 373248K, used 372306K [0x00000000d5580000, 0x00000000f3380000, 0x0000000100000000)
  eden space 339968K, 100% used [0x00000000d5580000,0x00000000ea180000,0x00000000ea180000)
  from space 33280K, 97% used [0x00000000ea180000,0x00000000ec114a90,0x00000000ec200000)
  to   space 38400K, 0% used [0x00000000f0e00000,0x00000000f0e00000,0x00000000f3380000)
 ParOldGen       total 194560K, used 45421K [0x0000000080000000, 0x000000008be00000, 0x00000000d5580000)
  object space 194560K, 23% used [0x0000000080000000,0x0000000082c5b670,0x000000008be00000)
 Metaspace       used 100874K, capacity 105104K, committed 106584K, reserved 1142784K
  class space    used 13055K, capacity 13892K, committed 14208K, reserved 1048576K
Event: 2571.471 GC heap after
Heap after GC invocations=20 (full 4):
 PSYoungGen      total 435712K, used 32632K [0x00000000d5580000, 0x00000000f3000000, 0x0000000100000000)
  eden space 400896K, 0% used [0x00000000d5580000,0x00000000d5580000,0x00000000edd00000)
  from space 34816K, 93% used [0x00000000f0e00000,0x00000000f2dde320,0x00000000f3000000)
  to   space 42496K, 0% used [0x00000000edd00000,0x00000000edd00000,0x00000000f0680000)
 ParOldGen       total 194560K, used 45429K [0x0000000080000000, 0x000000008be00000, 0x00000000d5580000)
  object space 194560K, 23% used [0x0000000080000000,0x0000000082c5d670,0x000000008be00000)
 Metaspace       used 100874K, capacity 105104K, committed 106584K, reserved 1142784K
  class space    used 13055K, capacity 13892K, committed 14208K, reserved 1048576K
}

