# JRE version: OpenJDK Runtime Environment (8.0_242-b01) (build 1.8.0_242-release-1644-b01)
# Java VM: OpenJDK 64-Bit Server VM (25.242-b01 mixed mode windows-amd64 compressed oops)
Heap:
 PSYoungGen      total 494592K, used 233159K [0x00000000d5580000, 0x0000000100000000, 0x0000000100000000)
  eden space 419840K, 55% used [0x00000000d5580000,0x00000000e3931e40,0x00000000eef80000)
  from space 74752K, 0% used [0x00000000f6000000,0x00000000f6000000,0x00000000fa900000)
  to   space 115200K, 0% used [0x00000000eef80000,0x00000000eef80000,0x00000000f6000000)
 ParOldGen       total 552960K, used 202393K [0x0000000080000000, 0x00000000a1c00000, 0x00000000d5580000)
  object space 552960K, 36% used [0x0000000080000000,0x000000008c5a6700,0x00000000a1c00000)
 Metaspace       used 137123K, capacity 142586K, committed 145816K, reserved 1175552K
  class space    used 17233K, capacity 18359K, committed 19112K, reserved 1048576K
GC Heap History (10 events):
Event: 47.637 GC heap before
{Heap before GC invocations=21 (full 4):
 PSYoungGen      total 453632K, used 453613K [0x00000000d5580000, 0x00000000f7600000, 0x0000000100000000)
  eden space 390144K, 100% used [0x00000000d5580000,0x00000000ed280000,0x00000000ed280000)
  from space 63488K, 99% used [0x00000000f2080000,0x00000000f5e7b660,0x00000000f5e80000)
  to   space 79872K, 0% used [0x00000000ed280000,0x00000000ed280000,0x00000000f2080000)
 ParOldGen       total 331264K, used 150082K [0x0000000080000000, 0x0000000094380000, 0x00000000d5580000)
  object space 331264K, 45% used [0x0000000080000000,0x0000000089290a30,0x0000000094380000)
 Metaspace       used 114558K, capacity 120364K, committed 120728K, reserved 1153024K
  class space    used 14956K, capacity 16170K, committed 16296K, reserved 1048576K
Event: 47.710 GC heap after
Heap after GC invocations=21 (full 4):
 PSYoungGen      total 470016K, used 42283K [0x00000000d5580000, 0x00000000f9780000, 0x0000000100000000)
  eden space 390144K, 0% used [0x00000000d5580000,0x00000000d5580000,0x00000000ed280000)
  from space 79872K, 52% used [0x00000000ed280000,0x00000000efbcac80,0x00000000f2080000)
  to   space 79360K, 0% used [0x00000000f4a00000,0x00000000f4a00000,0x00000000f9780000)
 ParOldGen       total 331264K, used 210663K [0x0000000080000000, 0x0000000094380000, 0x00000000d5580000)
  object space 331264K, 63% used [0x0000000080000000,0x000000008cdb9c80,0x0000000094380000)
 Metaspace       used 114558K, capacity 120364K, committed 120728K, reserved 1153024K
  class space    used 14956K, capacity 16170K, committed 16296K, reserved 1048576K
}
Event: 52.017 GC heap before
{Heap before GC invocations=22 (full 4):
 PSYoungGen      total 470016K, used 432427K [0x00000000d5580000, 0x00000000f9780000, 0x0000000100000000)
  eden space 390144K, 100% used [0x00000000d5580000,0x00000000ed280000,0x00000000ed280000)
  from space 79872K, 52% used [0x00000000ed280000,0x00000000efbcac80,0x00000000f2080000)
  to   space 79360K, 0% used [0x00000000f4a00000,0x00000000f4a00000,0x00000000f9780000)
 ParOldGen       total 331264K, used 210665K [0x0000000080000000, 0x0000000094380000, 0x00000000d5580000)
  object space 331264K, 63% used [0x0000000080000000,0x000000008cdba408,0x0000000094380000)
 Metaspace       used 119053K, capacity 125502K, committed 125592K, reserved 1159168K
  class space    used 15467K, capacity 16785K, committed 16808K, reserved 1048576K
Event: 52.036 GC heap after
Heap after GC invocations=22 (full 4):
 PSYoungGen      total 492032K, used 27177K [0x00000000d5580000, 0x00000000f8980000, 0x0000000100000000)
  eden space 427008K, 0% used [0x00000000d5580000,0x00000000d5580000,0x00000000ef680000)
  from space 65024K, 41% used [0x00000000f4a00000,0x00000000f648a7e8,0x00000000f8980000)
  to   space 75264K, 0% used [0x00000000ef680000,0x00000000ef680000,0x00000000f4000000)
 ParOldGen       total 331264K, used 210681K [0x0000000080000000, 0x0000000094380000, 0x00000000d5580000)
  object space 331264K, 63% used [0x0000000080000000,0x000000008cdbe408,0x0000000094380000)
 Metaspace       used 119053K, capacity 125502K, committed 125592K, reserved 1159168K
  class space    used 15467K, capacity 16785K, committed 16808K, reserved 1048576K
}
Event: 83.415 GC heap before
{Heap before GC invocations=23 (full 4):
 PSYoungGen      total 492032K, used 454185K [0x00000000d5580000, 0x00000000f8980000, 0x0000000100000000)
  eden space 427008K, 100% used [0x00000000d5580000,0x00000000ef680000,0x00000000ef680000)
  from space 65024K, 41% used [0x00000000f4a00000,0x00000000f648a7e8,0x00000000f8980000)
  to   space 75264K, 0% used [0x00000000ef680000,0x00000000ef680000,0x00000000f4000000)
 ParOldGen       total 331264K, used 210681K [0x0000000080000000, 0x0000000094380000, 0x00000000d5580000)
  object space 331264K, 63% used [0x0000000080000000,0x000000008cdbe408,0x0000000094380000)
 Metaspace       used 124604K, capacity 131392K, committed 131608K, reserved 1163264K
  class space    used 15995K, capacity 17380K, committed 17448K, reserved 1048576K
Event: 83.461 GC heap after
Heap after GC invocations=23 (full 4):
 PSYoungGen      total 502272K, used 42406K [0x00000000d5580000, 0x00000000fa900000, 0x0000000100000000)
  eden space 427008K, 0% used [0x00000000d5580000,0x00000000d5580000,0x00000000ef680000)
  from space 75264K, 56% used [0x00000000ef680000,0x00000000f1fe9b88,0x00000000f4000000)
  to   space 74752K, 0% used [0x00000000f6000000,0x00000000f6000000,0x00000000fa900000)
 ParOldGen       total 331264K, used 210689K [0x0000000080000000, 0x0000000094380000, 0x00000000d5580000)
  object space 331264K, 63% used [0x0000000080000000,0x000000008cdc0408,0x0000000094380000)
 Metaspace       used 124604K, capacity 131392K, committed 131608K, reserved 1163264K
  class space    used 15995K, capacity 17380K, committed 17448K, reserved 1048576K
}
Event: 86.559 GC heap before
{Heap before GC invocations=24 (full 4):
 PSYoungGen      total 502272K, used 469414K [0x00000000d5580000, 0x00000000fa900000, 0x0000000100000000)
  eden space 427008K, 100% used [0x00000000d5580000,0x00000000ef680000,0x00000000ef680000)
  from space 75264K, 56% used [0x00000000ef680000,0x00000000f1fe9b88,0x00000000f4000000)
  to   space 74752K, 0% used [0x00000000f6000000,0x00000000f6000000,0x00000000fa900000)
 ParOldGen       total 331264K, used 210689K [0x0000000080000000, 0x0000000094380000, 0x00000000d5580000)
  object space 331264K, 63% used [0x0000000080000000,0x000000008cdc0408,0x0000000094380000)
 Metaspace       used 138534K, capacity 145450K, committed 145816K, reserved 1175552K
  class space    used 17637K, capacity 19061K, committed 19112K, reserved 1048576K
Event: 86.640 GC heap after
Heap after GC invocations=24 (full 4):
 PSYoungGen      total 494592K, used 74724K [0x00000000d5580000, 0x0000000100000000, 0x0000000100000000)
  eden space 419840K, 0% used [0x00000000d5580000,0x00000000d5580000,0x00000000eef80000)
  from space 74752K, 99% used [0x00000000f6000000,0x00000000fa8f9340,0x00000000fa900000)
  to   space 115200K, 0% used [0x00000000eef80000,0x00000000eef80000,0x00000000f6000000)
 ParOldGen       total 331264K, used 289290K [0x0000000080000000, 0x0000000094380000, 0x00000000d5580000)
  object space 331264K, 87% used [0x0000000080000000,0x0000000091a828a8,0x0000000094380000)
 Metaspace       used 138534K, capacity 145450K, committed 145816K, reserved 1175552K
  class space    used 17637K, capacity 19061K, committed 19112K, reserved 1048576K
}
Event: 86.640 GC heap before
{Heap before GC invocations=25 (full 5):
 PSYoungGen      total 494592K, used 74724K [0x00000000d5580000, 0x0000000100000000, 0x0000000100000000)
  eden space 419840K, 0% used [0x00000000d5580000,0x00000000d5580000,0x00000000eef80000)
  from space 74752K, 99% used [0x00000000f6000000,0x00000000fa8f9340,0x00000000fa900000)
  to   space 115200K, 0% used [0x00000000eef80000,0x00000000eef80000,0x00000000f6000000)
 ParOldGen       total 331264K, used 289290K [0x0000000080000000, 0x0000000094380000, 0x00000000d5580000)
  object space 331264K, 87% used [0x0000000080000000,0x0000000091a828a8,0x0000000094380000)
 Metaspace       used 138534K, capacity 145450K, committed 145816K, reserved 1175552K
  class space    used 17637K, capacity 19061K, committed 19112K, reserved 1048576K
Event: 87.038 GC heap after
Heap after GC invocations=25 (full 5):
 PSYoungGen      total 494592K, used 0K [0x00000000d5580000, 0x0000000100000000, 0x0000000100000000)
  eden space 419840K, 0% used [0x00000000d5580000,0x00000000d5580000,0x00000000eef80000)
  from space 74752K, 0% used [0x00000000f6000000,0x00000000f6000000,0x00000000fa900000)
  to   space 115200K, 0% used [0x00000000eef80000,0x00000000eef80000,0x00000000f6000000)
 ParOldGen       total 552960K, used 202393K [0x0000000080000000, 0x00000000a1c00000, 0x00000000d5580000)
  object space 552960K, 36% used [0x0000000080000000,0x000000008c5a6700,0x00000000a1c00000)
 Metaspace       used 137109K, capacity 142586K, committed 145816K, reserved 1175552K
  class space    used 17231K, capacity 18359K, committed 19112K, reserved 1048576K
}

