# JRE version: OpenJDK Runtime Environment (8.0_242-b01) (build 1.8.0_242-release-1644-b01)
# Java VM: OpenJDK 64-Bit Server VM (25.242-b01 mixed mode windows-amd64 compressed oops)
Heap:
 PSYoungGen      total 623616K, used 441100K [0x00000000d5580000, 0x0000000100000000, 0x0000000100000000)
  eden space 546304K, 80% used [0x00000000d5580000,0x00000000f04433d0,0x00000000f6b00000)
  from space 77312K, 0% used [0x00000000fb480000,0x00000000fb480000,0x0000000100000000)
  to   space 75264K, 0% used [0x00000000f6b00000,0x00000000f6b00000,0x00000000fb480000)
 ParOldGen       total 419840K, used 135201K [0x0000000080000000, 0x0000000099a00000, 0x00000000d5580000)
  object space 419840K, 32% used [0x0000000080000000,0x0000000088408580,0x0000000099a00000)
 Metaspace       used 132541K, capacity 138114K, committed 140096K, reserved 1171456K
  class space    used 16510K, capacity 17662K, committed 18280K, reserved 1048576K
GC Heap History (10 events):
Event: 3351.924 GC heap before
{Heap before GC invocations=52 (full 5):
 PSYoungGen      total 621056K, used 601246K [0x00000000d5580000, 0x0000000100000000, 0x0000000100000000)
  eden space 551424K, 100% used [0x00000000d5580000,0x00000000f7000000,0x00000000f7000000)
  from space 69632K, 71% used [0x00000000fb800000,0x00000000fe8a7bf8,0x00000000ffc00000)
  to   space 73728K, 0% used [0x00000000f7000000,0x00000000f7000000,0x00000000fb800000)
 ParOldGen       total 373248K, used 228531K [0x0000000080000000, 0x0000000096c80000, 0x00000000d5580000)
  object space 373248K, 61% used [0x0000000080000000,0x000000008df2cd50,0x0000000096c80000)
 Metaspace       used 131249K, capacity 136776K, committed 138944K, reserved 1169408K
  class space    used 16363K, capacity 17467K, committed 18152K, reserved 1048576K
Event: 3351.971 GC heap after
Heap after GC invocations=52 (full 5):
 PSYoungGen      total 625152K, used 15690K [0x00000000d5580000, 0x0000000100000000, 0x0000000100000000)
  eden space 551424K, 0% used [0x00000000d5580000,0x00000000d5580000,0x00000000f7000000)
  from space 73728K, 21% used [0x00000000f7000000,0x00000000f7f528a0,0x00000000fb800000)
  to   space 71680K, 0% used [0x00000000fba00000,0x00000000fba00000,0x0000000100000000)
 ParOldGen       total 373248K, used 276302K [0x0000000080000000, 0x0000000096c80000, 0x00000000d5580000)
  object space 373248K, 74% used [0x0000000080000000,0x0000000090dd3868,0x0000000096c80000)
 Metaspace       used 131249K, capacity 136776K, committed 138944K, reserved 1169408K
  class space    used 16363K, capacity 17467K, committed 18152K, reserved 1048576K
}
Event: 3352.520 GC heap before
{Heap before GC invocations=53 (full 5):
 PSYoungGen      total 625152K, used 567114K [0x00000000d5580000, 0x0000000100000000, 0x0000000100000000)
  eden space 551424K, 100% used [0x00000000d5580000,0x00000000f7000000,0x00000000f7000000)
  from space 73728K, 21% used [0x00000000f7000000,0x00000000f7f528a0,0x00000000fb800000)
  to   space 71680K, 0% used [0x00000000fba00000,0x00000000fba00000,0x0000000100000000)
 ParOldGen       total 373248K, used 276302K [0x0000000080000000, 0x0000000096c80000, 0x00000000d5580000)
  object space 373248K, 74% used [0x0000000080000000,0x0000000090dd3868,0x0000000096c80000)
 Metaspace       used 131995K, capacity 137508K, committed 139712K, reserved 1171456K
  class space    used 16445K, capacity 17553K, committed 18152K, reserved 1048576K
Event: 3352.544 GC heap after
Heap after GC invocations=53 (full 5):
 PSYoungGen      total 615936K, used 23176K [0x00000000d5580000, 0x00000000ff700000, 0x0000000100000000)
  eden space 553472K, 0% used [0x00000000d5580000,0x00000000d5580000,0x00000000f7200000)
  from space 62464K, 37% used [0x00000000fba00000,0x00000000fd0a21b8,0x00000000ff700000)
  to   space 68096K, 0% used [0x00000000f7200000,0x00000000f7200000,0x00000000fb480000)
 ParOldGen       total 373248K, used 289223K [0x0000000080000000, 0x0000000096c80000, 0x00000000d5580000)
  object space 373248K, 77% used [0x0000000080000000,0x0000000091a71ef8,0x0000000096c80000)
 Metaspace       used 131995K, capacity 137508K, committed 139712K, reserved 1171456K
  class space    used 16445K, capacity 17553K, committed 18152K, reserved 1048576K
}
Event: 3353.053 GC heap before
{Heap before GC invocations=54 (full 5):
 PSYoungGen      total 615936K, used 576648K [0x00000000d5580000, 0x00000000ff700000, 0x0000000100000000)
  eden space 553472K, 100% used [0x00000000d5580000,0x00000000f7200000,0x00000000f7200000)
  from space 62464K, 37% used [0x00000000fba00000,0x00000000fd0a21b8,0x00000000ff700000)
  to   space 68096K, 0% used [0x00000000f7200000,0x00000000f7200000,0x00000000fb480000)
 ParOldGen       total 373248K, used 289223K [0x0000000080000000, 0x0000000096c80000, 0x00000000d5580000)
  object space 373248K, 77% used [0x0000000080000000,0x0000000091a71ef8,0x0000000096c80000)
 Metaspace       used 132161K, capacity 137762K, committed 139712K, reserved 1171456K
  class space    used 16469K, capacity 17566K, committed 18152K, reserved 1048576K
Event: 3353.098 GC heap after
Heap after GC invocations=54 (full 5):
 PSYoungGen      total 621568K, used 63880K [0x00000000d5580000, 0x0000000100000000, 0x0000000100000000)
  eden space 553472K, 0% used [0x00000000d5580000,0x00000000d5580000,0x00000000f7200000)
  from space 68096K, 93% used [0x00000000f7200000,0x00000000fb062358,0x00000000fb480000)
  to   space 77312K, 0% used [0x00000000fb480000,0x00000000fb480000,0x0000000100000000)
 ParOldGen       total 373248K, used 306917K [0x0000000080000000, 0x0000000096c80000, 0x00000000d5580000)
  object space 373248K, 82% used [0x0000000080000000,0x0000000092bb9738,0x0000000096c80000)
 Metaspace       used 132161K, capacity 137762K, committed 139712K, reserved 1171456K
  class space    used 16469K, capacity 17566K, committed 18152K, reserved 1048576K
}
Event: 3353.707 GC heap before
{Heap before GC invocations=55 (full 5):
 PSYoungGen      total 621568K, used 617352K [0x00000000d5580000, 0x0000000100000000, 0x0000000100000000)
  eden space 553472K, 100% used [0x00000000d5580000,0x00000000f7200000,0x00000000f7200000)
  from space 68096K, 93% used [0x00000000f7200000,0x00000000fb062358,0x00000000fb480000)
  to   space 77312K, 0% used [0x00000000fb480000,0x00000000fb480000,0x0000000100000000)
 ParOldGen       total 373248K, used 306917K [0x0000000080000000, 0x0000000096c80000, 0x00000000d5580000)
  object space 373248K, 82% used [0x0000000080000000,0x0000000092bb9738,0x0000000096c80000)
 Metaspace       used 132512K, capacity 138114K, committed 140096K, reserved 1171456K
  class space    used 16509K, capacity 17662K, committed 18280K, reserved 1048576K
Event: 3353.753 GC heap after
Heap after GC invocations=55 (full 5):
 PSYoungGen      total 623616K, used 17988K [0x00000000d5580000, 0x0000000100000000, 0x0000000100000000)
  eden space 546304K, 0% used [0x00000000d5580000,0x00000000d5580000,0x00000000f6b00000)
  from space 77312K, 23% used [0x00000000fb480000,0x00000000fc611298,0x0000000100000000)
  to   space 75264K, 0% used [0x00000000f6b00000,0x00000000f6b00000,0x00000000fb480000)
 ParOldGen       total 373248K, used 369082K [0x0000000080000000, 0x0000000096c80000, 0x00000000d5580000)
  object space 373248K, 98% used [0x0000000080000000,0x000000009686eaa0,0x0000000096c80000)
 Metaspace       used 132512K, capacity 138114K, committed 140096K, reserved 1171456K
  class space    used 16509K, capacity 17662K, committed 18280K, reserved 1048576K
}
Event: 3353.753 GC heap before
{Heap before GC invocations=56 (full 6):
 PSYoungGen      total 623616K, used 17988K [0x00000000d5580000, 0x0000000100000000, 0x0000000100000000)
  eden space 546304K, 0% used [0x00000000d5580000,0x00000000d5580000,0x00000000f6b00000)
  from space 77312K, 23% used [0x00000000fb480000,0x00000000fc611298,0x0000000100000000)
  to   space 75264K, 0% used [0x00000000f6b00000,0x00000000f6b00000,0x00000000fb480000)
 ParOldGen       total 373248K, used 369082K [0x0000000080000000, 0x0000000096c80000, 0x00000000d5580000)
  object space 373248K, 98% used [0x0000000080000000,0x000000009686eaa0,0x0000000096c80000)
 Metaspace       used 132512K, capacity 138114K, committed 140096K, reserved 1171456K
  class space    used 16509K, capacity 17662K, committed 18280K, reserved 1048576K
Event: 3354.010 GC heap after
Heap after GC invocations=56 (full 6):
 PSYoungGen      total 623616K, used 0K [0x00000000d5580000, 0x0000000100000000, 0x0000000100000000)
  eden space 546304K, 0% used [0x00000000d5580000,0x00000000d5580000,0x00000000f6b00000)
  from space 77312K, 0% used [0x00000000fb480000,0x00000000fb480000,0x0000000100000000)
  to   space 75264K, 0% used [0x00000000f6b00000,0x00000000f6b00000,0x00000000fb480000)
 ParOldGen       total 419840K, used 135201K [0x0000000080000000, 0x0000000099a00000, 0x00000000d5580000)
  object space 419840K, 32% used [0x0000000080000000,0x0000000088408580,0x0000000099a00000)
 Metaspace       used 132504K, capacity 138102K, committed 140096K, reserved 1171456K
  class space    used 16507K, capacity 17660K, committed 18280K, reserved 1048576K
}

