# JRE version: OpenJDK Runtime Environment (8.0_242-b01) (build 1.8.0_242-release-1644-b01)
# Java VM: OpenJDK 64-Bit Server VM (25.242-b01 mixed mode windows-amd64 compressed oops)
Heap:
 PSYoungGen      total 507392K, used 270904K [0x00000000d5580000, 0x00000000fe500000, 0x0000000100000000)
  eden space 348672K, 72% used [0x00000000d5580000,0x00000000e4b00900,0x00000000eaa00000)
  from space 158720K, 12% used [0x00000000f4500000,0x00000000f580daf0,0x00000000fe000000)
  to   space 158720K, 0% used [0x00000000eaa00000,0x00000000eaa00000,0x00000000f4500000)
 ParOldGen       total 421376K, used 100637K [0x0000000080000000, 0x0000000099b80000, 0x00000000d5580000)
  object space 421376K, 23% used [0x0000000080000000,0x00000000862477b8,0x0000000099b80000)
 Metaspace       used 154421K, capacity 162767K, committed 162968K, reserved 1191936K
  class space    used 19239K, capacity 20778K, committed 20904K, reserved 1048576K
GC Heap History (10 events):
Event: 2122.768 GC heap before
{Heap before GC invocations=31 (full 4):
 PSYoungGen      total 441344K, used 387018K [0x00000000d5580000, 0x00000000f8880000, 0x0000000100000000)
  eden space 324608K, 100% used [0x00000000d5580000,0x00000000e9280000,0x00000000e9280000)
  from space 116736K, 53% used [0x00000000f1680000,0x00000000f5372b78,0x00000000f8880000)
  to   space 125952K, 0% used [0x00000000e9280000,0x00000000e9280000,0x00000000f0d80000)
 ParOldGen       total 297472K, used 172997K [0x0000000080000000, 0x0000000092280000, 0x00000000d5580000)
  object space 297472K, 58% used [0x0000000080000000,0x000000008a8f15b8,0x0000000092280000)
 Metaspace       used 139938K, capacity 148077K, committed 148120K, reserved 1177600K
  class space    used 17594K, capacity 19097K, committed 19112K, reserved 1048576K
Event: 2122.798 GC heap after
Heap after GC invocations=31 (full 4):
 PSYoungGen      total 450560K, used 60597K [0x00000000d5580000, 0x00000000f8f00000, 0x0000000100000000)
  eden space 324608K, 0% used [0x00000000d5580000,0x00000000d5580000,0x00000000e9280000)
  from space 125952K, 48% used [0x00000000e9280000,0x00000000ecdad4a0,0x00000000f0d80000)
  to   space 120832K, 0% used [0x00000000f1900000,0x00000000f1900000,0x00000000f8f00000)
 ParOldGen       total 297472K, used 173005K [0x0000000080000000, 0x0000000092280000, 0x00000000d5580000)
  object space 297472K, 58% used [0x0000000080000000,0x000000008a8f35b8,0x0000000092280000)
 Metaspace       used 139938K, capacity 148077K, committed 148120K, reserved 1177600K
  class space    used 17594K, capacity 19097K, committed 19112K, reserved 1048576K
}
Event: 2124.508 GC heap before
{Heap before GC invocations=32 (full 4):
 PSYoungGen      total 450560K, used 385205K [0x00000000d5580000, 0x00000000f8f00000, 0x0000000100000000)
  eden space 324608K, 100% used [0x00000000d5580000,0x00000000e9280000,0x00000000e9280000)
  from space 125952K, 48% used [0x00000000e9280000,0x00000000ecdad4a0,0x00000000f0d80000)
  to   space 120832K, 0% used [0x00000000f1900000,0x00000000f1900000,0x00000000f8f00000)
 ParOldGen       total 297472K, used 173005K [0x0000000080000000, 0x0000000092280000, 0x00000000d5580000)
  object space 297472K, 58% used [0x0000000080000000,0x000000008a8f35b8,0x0000000092280000)
 Metaspace       used 153406K, capacity 161697K, committed 162072K, reserved 1189888K
  class space    used 19205K, capacity 20737K, committed 20776K, reserved 1048576K
Event: 2124.604 GC heap after
Heap after GC invocations=32 (full 4):
 PSYoungGen      total 445440K, used 120805K [0x00000000d5580000, 0x00000000f8f00000, 0x0000000100000000)
  eden space 324608K, 0% used [0x00000000d5580000,0x00000000d5580000,0x00000000e9280000)
  from space 120832K, 99% used [0x00000000f1900000,0x00000000f8ef96d0,0x00000000f8f00000)
  to   space 125952K, 0% used [0x00000000e9280000,0x00000000e9280000,0x00000000f0d80000)
 ParOldGen       total 297472K, used 244340K [0x0000000080000000, 0x0000000092280000, 0x00000000d5580000)
  object space 297472K, 82% used [0x0000000080000000,0x000000008ee9d360,0x0000000092280000)
 Metaspace       used 153406K, capacity 161697K, committed 162072K, reserved 1189888K
  class space    used 19205K, capacity 20737K, committed 20776K, reserved 1048576K
}
Event: 2164.688 GC heap before
{Heap before GC invocations=33 (full 4):
 PSYoungGen      total 445440K, used 445413K [0x00000000d5580000, 0x00000000f8f00000, 0x0000000100000000)
  eden space 324608K, 100% used [0x00000000d5580000,0x00000000e9280000,0x00000000e9280000)
  from space 120832K, 99% used [0x00000000f1900000,0x00000000f8ef96d0,0x00000000f8f00000)
  to   space 125952K, 0% used [0x00000000e9280000,0x00000000e9280000,0x00000000f0d80000)
 ParOldGen       total 297472K, used 244340K [0x0000000080000000, 0x0000000092280000, 0x00000000d5580000)
  object space 297472K, 82% used [0x0000000080000000,0x000000008ee9d360,0x0000000092280000)
 Metaspace       used 153821K, capacity 162191K, committed 162456K, reserved 1191936K
  class space    used 19256K, capacity 20792K, committed 20904K, reserved 1048576K
Event: 2164.738 GC heap after
Heap after GC invocations=33 (full 4):
 PSYoungGen      total 450560K, used 79004K [0x00000000d5580000, 0x00000000fe000000, 0x0000000100000000)
  eden space 324608K, 0% used [0x00000000d5580000,0x00000000d5580000,0x00000000e9280000)
  from space 125952K, 62% used [0x00000000e9280000,0x00000000edfa72f0,0x00000000f0d80000)
  to   space 158720K, 0% used [0x00000000f4500000,0x00000000f4500000,0x00000000fe000000)
 ParOldGen       total 297472K, used 285317K [0x0000000080000000, 0x0000000092280000, 0x00000000d5580000)
  object space 297472K, 95% used [0x0000000080000000,0x00000000916a16e0,0x0000000092280000)
 Metaspace       used 153821K, capacity 162191K, committed 162456K, reserved 1191936K
  class space    used 19256K, capacity 20792K, committed 20904K, reserved 1048576K
}
Event: 2164.738 GC heap before
{Heap before GC invocations=34 (full 5):
 PSYoungGen      total 450560K, used 79004K [0x00000000d5580000, 0x00000000fe000000, 0x0000000100000000)
  eden space 324608K, 0% used [0x00000000d5580000,0x00000000d5580000,0x00000000e9280000)
  from space 125952K, 62% used [0x00000000e9280000,0x00000000edfa72f0,0x00000000f0d80000)
  to   space 158720K, 0% used [0x00000000f4500000,0x00000000f4500000,0x00000000fe000000)
 ParOldGen       total 297472K, used 285317K [0x0000000080000000, 0x0000000092280000, 0x00000000d5580000)
  object space 297472K, 95% used [0x0000000080000000,0x00000000916a16e0,0x0000000092280000)
 Metaspace       used 153821K, capacity 162191K, committed 162456K, reserved 1191936K
  class space    used 19256K, capacity 20792K, committed 20904K, reserved 1048576K
Event: 2164.966 GC heap after
Heap after GC invocations=34 (full 5):
 PSYoungGen      total 450560K, used 0K [0x00000000d5580000, 0x00000000fe000000, 0x0000000100000000)
  eden space 324608K, 0% used [0x00000000d5580000,0x00000000d5580000,0x00000000e9280000)
  from space 125952K, 0% used [0x00000000e9280000,0x00000000e9280000,0x00000000f0d80000)
  to   space 158720K, 0% used [0x00000000f4500000,0x00000000f4500000,0x00000000fe000000)
 ParOldGen       total 421376K, used 100629K [0x0000000080000000, 0x0000000099b80000, 0x00000000d5580000)
  object space 421376K, 23% used [0x0000000080000000,0x00000000862457b8,0x0000000099b80000)
 Metaspace       used 153186K, capacity 161373K, committed 162456K, reserved 1191936K
  class space    used 19182K, capacity 20663K, committed 20904K, reserved 1048576K
}
Event: 2166.382 GC heap before
{Heap before GC invocations=35 (full 5):
 PSYoungGen      total 450560K, used 324608K [0x00000000d5580000, 0x00000000fe000000, 0x0000000100000000)
  eden space 324608K, 100% used [0x00000000d5580000,0x00000000e9280000,0x00000000e9280000)
  from space 125952K, 0% used [0x00000000e9280000,0x00000000e9280000,0x00000000f0d80000)
  to   space 158720K, 0% used [0x00000000f4500000,0x00000000f4500000,0x00000000fe000000)
 ParOldGen       total 421376K, used 100629K [0x0000000080000000, 0x0000000099b80000, 0x00000000d5580000)
  object space 421376K, 23% used [0x0000000080000000,0x00000000862457b8,0x0000000099b80000)
 Metaspace       used 154033K, capacity 162287K, committed 162712K, reserved 1191936K
  class space    used 19230K, capacity 20770K, committed 20904K, reserved 1048576K
Event: 2166.405 GC heap after
Heap after GC invocations=35 (full 5):
 PSYoungGen      total 507392K, used 19510K [0x00000000d5580000, 0x00000000fe500000, 0x0000000100000000)
  eden space 348672K, 0% used [0x00000000d5580000,0x00000000d5580000,0x00000000eaa00000)
  from space 158720K, 12% used [0x00000000f4500000,0x00000000f580daf0,0x00000000fe000000)
  to   space 158720K, 0% used [0x00000000eaa00000,0x00000000eaa00000,0x00000000f4500000)
 ParOldGen       total 421376K, used 100637K [0x0000000080000000, 0x0000000099b80000, 0x00000000d5580000)
  object space 421376K, 23% used [0x0000000080000000,0x00000000862477b8,0x0000000099b80000)
 Metaspace       used 154033K, capacity 162287K, committed 162712K, reserved 1191936K
  class space    used 19230K, capacity 20770K, committed 20904K, reserved 1048576K
}

