# JRE version: OpenJDK Runtime Environment (8.0_242-b01) (build 1.8.0_242-release-1644-b01)
# Java VM: OpenJDK 64-Bit Server VM (25.242-b01 mixed mode windows-amd64 compressed oops)
Heap:
 PSYoungGen      total 273408K, used 22632K [0x00000000d5580000, 0x00000000e7d00000, 0x0000000100000000)
  eden space 244224K, 0% used [0x00000000d5580000,0x00000000d55c21a8,0x00000000e4400000)
  from space 29184K, 76% used [0x00000000e4400000,0x00000000e59d8188,0x00000000e6080000)
  to   space 27648K, 0% used [0x00000000e6100000,0x00000000e6100000,0x00000000e7c00000)
 ParOldGen       total 169472K, used 47477K [0x0000000080000000, 0x000000008a580000, 0x00000000d5580000)
  object space 169472K, 28% used [0x0000000080000000,0x0000000082e5d6d0,0x000000008a580000)
 Metaspace       used 76797K, capacity 80629K, committed 80728K, reserved 1120256K
  class space    used 10084K, capacity 10842K, committed 10880K, reserved 1048576K
GC Heap History (10 events):
Event: 12.993 GC heap after
Heap after GC invocations=13 (full 2):
 PSYoungGen      total 195072K, used 17894K [0x00000000d5580000, 0x00000000e5380000, 0x0000000100000000)
  eden space 177152K, 0% used [0x00000000d5580000,0x00000000d5580000,0x00000000e0280000)
  from space 17920K, 99% used [0x00000000e0280000,0x00000000e13f9b10,0x00000000e1400000)
  to   space 20992K, 0% used [0x00000000e3f00000,0x00000000e3f00000,0x00000000e5380000)
 ParOldGen       total 111104K, used 26978K [0x0000000080000000, 0x0000000086c80000, 0x00000000d5580000)
  object space 111104K, 24% used [0x0000000080000000,0x0000000081a58ab8,0x0000000086c80000)
 Metaspace       used 56530K, capacity 58905K, committed 58968K, reserved 1099776K
  class space    used 7671K, capacity 8266K, committed 8320K, reserved 1048576K
}
Event: 12.993 GC heap before
{Heap before GC invocations=14 (full 3):
 PSYoungGen      total 195072K, used 17894K [0x00000000d5580000, 0x00000000e5380000, 0x0000000100000000)
  eden space 177152K, 0% used [0x00000000d5580000,0x00000000d5580000,0x00000000e0280000)
  from space 17920K, 99% used [0x00000000e0280000,0x00000000e13f9b10,0x00000000e1400000)
  to   space 20992K, 0% used [0x00000000e3f00000,0x00000000e3f00000,0x00000000e5380000)
 ParOldGen       total 111104K, used 26978K [0x0000000080000000, 0x0000000086c80000, 0x00000000d5580000)
  object space 111104K, 24% used [0x0000000080000000,0x0000000081a58ab8,0x0000000086c80000)
 Metaspace       used 56530K, capacity 58905K, committed 58968K, reserved 1099776K
  class space    used 7671K, capacity 8266K, committed 8320K, reserved 1048576K
Event: 13.284 GC heap after
Heap after GC invocations=14 (full 3):
 PSYoungGen      total 195072K, used 0K [0x00000000d5580000, 0x00000000e5380000, 0x0000000100000000)
  eden space 177152K, 0% used [0x00000000d5580000,0x00000000d5580000,0x00000000e0280000)
  from space 17920K, 0% used [0x00000000e0280000,0x00000000e0280000,0x00000000e1400000)
  to   space 20992K, 0% used [0x00000000e3f00000,0x00000000e3f00000,0x00000000e5380000)
 ParOldGen       total 169472K, used 32728K [0x0000000080000000, 0x000000008a580000, 0x00000000d5580000)
  object space 169472K, 19% used [0x0000000080000000,0x0000000081ff6158,0x000000008a580000)
 Metaspace       used 56494K, capacity 58785K, committed 58968K, reserved 1099776K
  class space    used 7660K, capacity 8246K, committed 8320K, reserved 1048576K
}
Event: 17.389 GC heap before
{Heap before GC invocations=15 (full 3):
 PSYoungGen      total 195072K, used 177152K [0x00000000d5580000, 0x00000000e5380000, 0x0000000100000000)
  eden space 177152K, 100% used [0x00000000d5580000,0x00000000e0280000,0x00000000e0280000)
  from space 17920K, 0% used [0x00000000e0280000,0x00000000e0280000,0x00000000e1400000)
  to   space 20992K, 0% used [0x00000000e3f00000,0x00000000e3f00000,0x00000000e5380000)
 ParOldGen       total 169472K, used 32728K [0x0000000080000000, 0x000000008a580000, 0x00000000d5580000)
  object space 169472K, 19% used [0x0000000080000000,0x0000000081ff6158,0x000000008a580000)
 Metaspace       used 65809K, capacity 69215K, committed 69464K, reserved 1110016K
  class space    used 9023K, capacity 9753K, committed 9856K, reserved 1048576K
Event: 17.409 GC heap after
Heap after GC invocations=15 (full 3):
 PSYoungGen      total 230400K, used 20608K [0x00000000d5580000, 0x00000000e5380000, 0x0000000100000000)
  eden space 209408K, 0% used [0x00000000d5580000,0x00000000d5580000,0x00000000e2200000)
  from space 20992K, 98% used [0x00000000e3f00000,0x00000000e5320240,0x00000000e5380000)
  to   space 23552K, 0% used [0x00000000e2580000,0x00000000e2580000,0x00000000e3c80000)
 ParOldGen       total 169472K, used 32736K [0x0000000080000000, 0x000000008a580000, 0x00000000d5580000)
  object space 169472K, 19% used [0x0000000080000000,0x0000000081ff8158,0x000000008a580000)
 Metaspace       used 65809K, capacity 69215K, committed 69464K, reserved 1110016K
  class space    used 9023K, capacity 9753K, committed 9856K, reserved 1048576K
}
Event: 20.763 GC heap before
{Heap before GC invocations=16 (full 3):
 PSYoungGen      total 230400K, used 230016K [0x00000000d5580000, 0x00000000e5380000, 0x0000000100000000)
  eden space 209408K, 100% used [0x00000000d5580000,0x00000000e2200000,0x00000000e2200000)
  from space 20992K, 98% used [0x00000000e3f00000,0x00000000e5320240,0x00000000e5380000)
  to   space 23552K, 0% used [0x00000000e2580000,0x00000000e2580000,0x00000000e3c80000)
 ParOldGen       total 169472K, used 32736K [0x0000000080000000, 0x000000008a580000, 0x00000000d5580000)
  object space 169472K, 19% used [0x0000000080000000,0x0000000081ff8158,0x000000008a580000)
 Metaspace       used 71404K, capacity 75001K, committed 75224K, reserved 1114112K
  class space    used 9713K, capacity 10454K, committed 10496K, reserved 1048576K
Event: 20.801 GC heap after
Heap after GC invocations=16 (full 3):
 PSYoungGen      total 236544K, used 23531K [0x00000000d5580000, 0x00000000e7c00000, 0x0000000100000000)
  eden space 212992K, 0% used [0x00000000d5580000,0x00000000d5580000,0x00000000e2580000)
  from space 23552K, 99% used [0x00000000e2580000,0x00000000e3c7ae90,0x00000000e3c80000)
  to   space 27648K, 0% used [0x00000000e6100000,0x00000000e6100000,0x00000000e7c00000)
 ParOldGen       total 169472K, used 34614K [0x0000000080000000, 0x000000008a580000, 0x00000000d5580000)
  object space 169472K, 20% used [0x0000000080000000,0x00000000821cdb30,0x000000008a580000)
 Metaspace       used 71404K, capacity 75001K, committed 75224K, reserved 1114112K
  class space    used 9713K, capacity 10454K, committed 10496K, reserved 1048576K
}
Event: 37.014 GC heap before
{Heap before GC invocations=17 (full 3):
 PSYoungGen      total 236544K, used 236523K [0x00000000d5580000, 0x00000000e7c00000, 0x0000000100000000)
  eden space 212992K, 100% used [0x00000000d5580000,0x00000000e2580000,0x00000000e2580000)
  from space 23552K, 99% used [0x00000000e2580000,0x00000000e3c7ae90,0x00000000e3c80000)
  to   space 27648K, 0% used [0x00000000e6100000,0x00000000e6100000,0x00000000e7c00000)
 ParOldGen       total 169472K, used 34614K [0x0000000080000000, 0x000000008a580000, 0x00000000d5580000)
  object space 169472K, 20% used [0x0000000080000000,0x00000000821cdb30,0x000000008a580000)
 Metaspace       used 75635K, capacity 79391K, committed 79704K, reserved 1118208K
  class space    used 10035K, capacity 10791K, committed 10880K, reserved 1048576K
Event: 37.041 GC heap after
Heap after GC invocations=17 (full 3):
 PSYoungGen      total 271872K, used 21440K [0x00000000d5580000, 0x00000000e7d00000, 0x0000000100000000)
  eden space 244224K, 0% used [0x00000000d5580000,0x00000000d5580000,0x00000000e4400000)
  from space 27648K, 77% used [0x00000000e6100000,0x00000000e75f0140,0x00000000e7c00000)
  to   space 29184K, 0% used [0x00000000e4400000,0x00000000e4400000,0x00000000e6080000)
 ParOldGen       total 169472K, used 47469K [0x0000000080000000, 0x000000008a580000, 0x00000000d5580000)
  object space 169472K, 28% used [0x0000000080000000,0x0000000082e5b6d0,0x000000008a580000)
 Metaspace       used 75635K, capacity 79391K, committed 79704K, reserved 1118208K
  class space    used 10035K, capacity 10791K, committed 10880K, reserved 1048576K
}
Event: 39.731 GC heap before
{Heap before GC invocations=18 (full 3):
 PSYoungGen      total 271872K, used 265664K [0x00000000d5580000, 0x00000000e7d00000, 0x0000000100000000)
  eden space 244224K, 100% used [0x00000000d5580000,0x00000000e4400000,0x00000000e4400000)
  from space 27648K, 77% used [0x00000000e6100000,0x00000000e75f0140,0x00000000e7c00000)
  to   space 29184K, 0% used [0x00000000e4400000,0x00000000e4400000,0x00000000e6080000)
 ParOldGen       total 169472K, used 47469K [0x0000000080000000, 0x000000008a580000, 0x00000000d5580000)
  object space 169472K, 28% used [0x0000000080000000,0x0000000082e5b6d0,0x000000008a580000)
 Metaspace       used 76797K, capacity 80629K, committed 80728K, reserved 1120256K
  class space    used 10084K, capacity 10842K, committed 10880K, reserved 1048576K

