# JRE version: OpenJDK Runtime Environment (8.0_242-b01) (build 1.8.0_242-release-1644-b01)
# Java VM: OpenJDK 64-Bit Server VM (25.242-b01 mixed mode windows-amd64 compressed oops)
Heap:
 PSYoungGen      total 636416K, used 480613K [0x00000000d5580000, 0x0000000100000000, 0x0000000100000000)
  eden space 581120K, 76% used [0x00000000d5580000,0x00000000f0566218,0x00000000f8d00000)
  from space 55296K, 69% used [0x00000000f8d00000,0x00000000fb273358,0x00000000fc300000)
  to   space 57344K, 0% used [0x00000000fc800000,0x00000000fc800000,0x0000000100000000)
 ParOldGen       total 294912K, used 182008K [0x0000000080000000, 0x0000000092000000, 0x00000000d5580000)
  object space 294912K, 61% used [0x0000000080000000,0x000000008b1be258,0x0000000092000000)
 Metaspace       used 110058K, capacity 114767K, committed 115788K, reserved 1148928K
  class space    used 14195K, capacity 15127K, committed 15488K, reserved 1048576K
GC Heap History (10 events):
Event: 45.600 GC heap before
{Heap before GC invocations=19 (full 4):
 PSYoungGen      total 633344K, used 595594K [0x00000000d5580000, 0x00000000ffd00000, 0x0000000100000000)
  eden space 570368K, 100% used [0x00000000d5580000,0x00000000f8280000,0x00000000f8280000)
  from space 62976K, 40% used [0x00000000fbf80000,0x00000000fd822b80,0x00000000ffd00000)
  to   space 62464K, 0% used [0x00000000f8280000,0x00000000f8280000,0x00000000fbf80000)
 ParOldGen       total 294912K, used 106643K [0x0000000080000000, 0x0000000092000000, 0x00000000d5580000)
  object space 294912K, 36% used [0x0000000080000000,0x0000000086824c40,0x0000000092000000)
 Metaspace       used 102111K, capacity 106645K, committed 107980K, reserved 1142784K
  class space    used 13217K, capacity 14120K, committed 14592K, reserved 1048576K
Event: 45.637 GC heap after
Heap after GC invocations=19 (full 4):
 PSYoungGen      total 632832K, used 20941K [0x00000000d5580000, 0x00000000ffb80000, 0x0000000100000000)
  eden space 570368K, 0% used [0x00000000d5580000,0x00000000d5580000,0x00000000f8280000)
  from space 62464K, 33% used [0x00000000f8280000,0x00000000f96f3738,0x00000000fbf80000)
  to   space 60416K, 0% used [0x00000000fc080000,0x00000000fc080000,0x00000000ffb80000)
 ParOldGen       total 294912K, used 123124K [0x0000000080000000, 0x0000000092000000, 0x00000000d5580000)
  object space 294912K, 41% used [0x0000000080000000,0x000000008783d170,0x0000000092000000)
 Metaspace       used 102111K, capacity 106645K, committed 107980K, reserved 1142784K
  class space    used 13217K, capacity 14120K, committed 14592K, reserved 1048576K
}
Event: 46.323 GC heap before
{Heap before GC invocations=20 (full 4):
 PSYoungGen      total 632832K, used 591309K [0x00000000d5580000, 0x00000000ffb80000, 0x0000000100000000)
  eden space 570368K, 100% used [0x00000000d5580000,0x00000000f8280000,0x00000000f8280000)
  from space 62464K, 33% used [0x00000000f8280000,0x00000000f96f3738,0x00000000fbf80000)
  to   space 60416K, 0% used [0x00000000fc080000,0x00000000fc080000,0x00000000ffb80000)
 ParOldGen       total 294912K, used 123124K [0x0000000080000000, 0x0000000092000000, 0x00000000d5580000)
  object space 294912K, 41% used [0x0000000080000000,0x000000008783d170,0x0000000092000000)
 Metaspace       used 104391K, capacity 108943K, committed 110284K, reserved 1144832K
  class space    used 13498K, capacity 14409K, committed 14848K, reserved 1048576K
Event: 46.351 GC heap after
Heap after GC invocations=20 (full 4):
 PSYoungGen      total 634880K, used 12101K [0x00000000d5580000, 0x00000000ffc00000, 0x0000000100000000)
  eden space 574464K, 0% used [0x00000000d5580000,0x00000000d5580000,0x00000000f8680000)
  from space 60416K, 20% used [0x00000000fc080000,0x00000000fcc51590,0x00000000ffb80000)
  to   space 59392K, 0% used [0x00000000f8680000,0x00000000f8680000,0x00000000fc080000)
 ParOldGen       total 294912K, used 138833K [0x0000000080000000, 0x0000000092000000, 0x00000000d5580000)
  object space 294912K, 47% used [0x0000000080000000,0x0000000088794710,0x0000000092000000)
 Metaspace       used 104391K, capacity 108943K, committed 110284K, reserved 1144832K
  class space    used 13498K, capacity 14409K, committed 14848K, reserved 1048576K
}
Event: 47.084 GC heap before
{Heap before GC invocations=21 (full 4):
 PSYoungGen      total 634880K, used 586565K [0x00000000d5580000, 0x00000000ffc00000, 0x0000000100000000)
  eden space 574464K, 100% used [0x00000000d5580000,0x00000000f8680000,0x00000000f8680000)
  from space 60416K, 20% used [0x00000000fc080000,0x00000000fcc51590,0x00000000ffb80000)
  to   space 59392K, 0% used [0x00000000f8680000,0x00000000f8680000,0x00000000fc080000)
 ParOldGen       total 294912K, used 138833K [0x0000000080000000, 0x0000000092000000, 0x00000000d5580000)
  object space 294912K, 47% used [0x0000000080000000,0x0000000088794710,0x0000000092000000)
 Metaspace       used 106129K, capacity 110739K, committed 111948K, reserved 1146880K
  class space    used 13648K, capacity 14577K, committed 14976K, reserved 1048576K
Event: 47.110 GC heap after
Heap after GC invocations=21 (full 4):
 PSYoungGen      total 633856K, used 19130K [0x00000000d5580000, 0x00000000ffb00000, 0x0000000100000000)
  eden space 574464K, 0% used [0x00000000d5580000,0x00000000d5580000,0x00000000f8680000)
  from space 59392K, 32% used [0x00000000f8680000,0x00000000f992e8c8,0x00000000fc080000)
  to   space 57344K, 0% used [0x00000000fc300000,0x00000000fc300000,0x00000000ffb00000)
 ParOldGen       total 294912K, used 146334K [0x0000000080000000, 0x0000000092000000, 0x00000000d5580000)
  object space 294912K, 49% used [0x0000000080000000,0x0000000088ee7a50,0x0000000092000000)
 Metaspace       used 106129K, capacity 110739K, committed 111948K, reserved 1146880K
  class space    used 13648K, capacity 14577K, committed 14976K, reserved 1048576K
}
Event: 47.802 GC heap before
{Heap before GC invocations=22 (full 4):
 PSYoungGen      total 633856K, used 593594K [0x00000000d5580000, 0x00000000ffb00000, 0x0000000100000000)
  eden space 574464K, 100% used [0x00000000d5580000,0x00000000f8680000,0x00000000f8680000)
  from space 59392K, 32% used [0x00000000f8680000,0x00000000f992e8c8,0x00000000fc080000)
  to   space 57344K, 0% used [0x00000000fc300000,0x00000000fc300000,0x00000000ffb00000)
 ParOldGen       total 294912K, used 146334K [0x0000000080000000, 0x0000000092000000, 0x00000000d5580000)
  object space 294912K, 49% used [0x0000000080000000,0x0000000088ee7a50,0x0000000092000000)
 Metaspace       used 107173K, capacity 111851K, committed 113100K, reserved 1146880K
  class space    used 13776K, capacity 14707K, committed 15104K, reserved 1048576K
Event: 47.833 GC heap after
Heap after GC invocations=22 (full 4):
 PSYoungGen      total 637440K, used 28621K [0x00000000d5580000, 0x00000000ffa00000, 0x0000000100000000)
  eden space 581120K, 0% used [0x00000000d5580000,0x00000000d5580000,0x00000000f8d00000)
  from space 56320K, 50% used [0x00000000fc300000,0x00000000fdef3518,0x00000000ffa00000)
  to   space 55296K, 0% used [0x00000000f8d00000,0x00000000f8d00000,0x00000000fc300000)
 ParOldGen       total 294912K, used 160088K [0x0000000080000000, 0x0000000092000000, 0x00000000d5580000)
  object space 294912K, 54% used [0x0000000080000000,0x0000000089c56048,0x0000000092000000)
 Metaspace       used 107173K, capacity 111851K, committed 113100K, reserved 1146880K
  class space    used 13776K, capacity 14707K, committed 15104K, reserved 1048576K
}
Event: 48.486 GC heap before
{Heap before GC invocations=23 (full 4):
 PSYoungGen      total 637440K, used 609741K [0x00000000d5580000, 0x00000000ffa00000, 0x0000000100000000)
  eden space 581120K, 100% used [0x00000000d5580000,0x00000000f8d00000,0x00000000f8d00000)
  from space 56320K, 50% used [0x00000000fc300000,0x00000000fdef3518,0x00000000ffa00000)
  to   space 55296K, 0% used [0x00000000f8d00000,0x00000000f8d00000,0x00000000fc300000)
 ParOldGen       total 294912K, used 160088K [0x0000000080000000, 0x0000000092000000, 0x00000000d5580000)
  object space 294912K, 54% used [0x0000000080000000,0x0000000089c56048,0x0000000092000000)
 Metaspace       used 107808K, capacity 112449K, committed 113740K, reserved 1148928K
  class space    used 13847K, capacity 14776K, committed 15232K, reserved 1048576K
Event: 48.535 GC heap after
Heap after GC invocations=23 (full 4):
 PSYoungGen      total 636416K, used 38348K [0x00000000d5580000, 0x0000000100000000, 0x0000000100000000)
  eden space 581120K, 0% used [0x00000000d5580000,0x00000000d5580000,0x00000000f8d00000)
  from space 55296K, 69% used [0x00000000f8d00000,0x00000000fb273358,0x00000000fc300000)
  to   space 57344K, 0% used [0x00000000fc800000,0x00000000fc800000,0x0000000100000000)
 ParOldGen       total 294912K, used 182008K [0x0000000080000000, 0x0000000092000000, 0x00000000d5580000)
  object space 294912K, 61% used [0x0000000080000000,0x000000008b1be258,0x0000000092000000)
 Metaspace       used 107808K, capacity 112449K, committed 113740K, reserved 1148928K
  class space    used 13847K, capacity 14776K, committed 15232K, reserved 1048576K
}

