# JRE version: OpenJDK Runtime Environment (8.0_242-b01) (build 1.8.0_242-release-1644-b01)
# Java VM: OpenJDK 64-Bit Server VM (25.242-b01 mixed mode windows-amd64 compressed oops)
Heap:
 PSYoungGen      total 137728K, used 10667K [0x0000000780800000, 0x000000078e180000, 0x00000007c0000000)
  eden space 129536K, 1% used [0x0000000780800000,0x0000000780a72080,0x0000000788680000)
  from space 8192K, 99% used [0x0000000788680000,0x0000000788e78cf0,0x0000000788e80000)
  to   space 33792K, 0% used [0x000000078c080000,0x000000078c080000,0x000000078e180000)
 ParOldGen       total 194560K, used 69420K [0x0000000701800000, 0x000000070d600000, 0x0000000780800000)
  object space 194560K, 35% used [0x0000000701800000,0x0000000705bcb100,0x000000070d600000)
 Metaspace       used 57052K, capacity 58283K, committed 58496K, reserved 1099776K
  class space    used 7190K, capacity 7513K, committed 7552K, reserved 1048576K
GC Heap History (10 events):
Event: 1.323 GC heap before
{Heap before GC invocations=3 (full 1):
 PSYoungGen      total 106496K, used 8165K [0x0000000780800000, 0x0000000787800000, 0x00000007c0000000)
  eden space 98304K, 0% used [0x0000000780800000,0x0000000780800000,0x0000000786800000)
  from space 8192K, 99% used [0x0000000787000000,0x00000007877f9588,0x0000000787800000)
  to   space 8192K, 0% used [0x0000000786800000,0x0000000786800000,0x0000000787000000)
 ParOldGen       total 131072K, used 13578K [0x0000000701800000, 0x0000000709800000, 0x0000000780800000)
  object space 131072K, 10% used [0x0000000701800000,0x00000007025429e0,0x0000000709800000)
 Metaspace       used 20719K, capacity 21164K, committed 21248K, reserved 1069056K
  class space    used 2371K, capacity 2550K, committed 2560K, reserved 1048576K
Event: 1.364 GC heap after
Heap after GC invocations=3 (full 1):
 PSYoungGen      total 106496K, used 0K [0x0000000780800000, 0x0000000787800000, 0x00000007c0000000)
  eden space 98304K, 0% used [0x0000000780800000,0x0000000780800000,0x0000000786800000)
  from space 8192K, 0% used [0x0000000787000000,0x0000000787000000,0x0000000787800000)
  to   space 8192K, 0% used [0x0000000786800000,0x0000000786800000,0x0000000787000000)
 ParOldGen       total 112640K, used 18194K [0x0000000701800000, 0x0000000708600000, 0x0000000780800000)
  object space 112640K, 16% used [0x0000000701800000,0x00000007029c4a38,0x0000000708600000)
 Metaspace       used 20719K, capacity 21164K, committed 21248K, reserved 1069056K
  class space    used 2371K, capacity 2550K, committed 2560K, reserved 1048576K
}
Event: 2.983 GC heap before
{Heap before GC invocations=4 (full 1):
 PSYoungGen      total 106496K, used 97027K [0x0000000780800000, 0x0000000787800000, 0x00000007c0000000)
  eden space 98304K, 98% used [0x0000000780800000,0x00000007866c0d78,0x0000000786800000)
  from space 8192K, 0% used [0x0000000787000000,0x0000000787000000,0x0000000787800000)
  to   space 8192K, 0% used [0x0000000786800000,0x0000000786800000,0x0000000787000000)
 ParOldGen       total 112640K, used 18194K [0x0000000701800000, 0x0000000708600000, 0x0000000780800000)
  object space 112640K, 16% used [0x0000000701800000,0x00000007029c4a38,0x0000000708600000)
 Metaspace       used 34569K, capacity 35135K, committed 35416K, reserved 1081344K
  class space    used 4360K, capacity 4544K, committed 4608K, reserved 1048576K
Event: 3.001 GC heap after
Heap after GC invocations=4 (full 1):
 PSYoungGen      total 106496K, used 8163K [0x0000000780800000, 0x0000000789680000, 0x00000007c0000000)
  eden space 98304K, 0% used [0x0000000780800000,0x0000000780800000,0x0000000786800000)
  from space 8192K, 99% used [0x0000000786800000,0x0000000786ff8c70,0x0000000787000000)
  to   space 8192K, 0% used [0x0000000788e80000,0x0000000788e80000,0x0000000789680000)
 ParOldGen       total 112640K, used 33128K [0x0000000701800000, 0x0000000708600000, 0x0000000780800000)
  object space 112640K, 29% used [0x0000000701800000,0x000000070385a2f8,0x0000000708600000)
 Metaspace       used 34569K, capacity 35135K, committed 35416K, reserved 1081344K
  class space    used 4360K, capacity 4544K, committed 4608K, reserved 1048576K
}
Event: 3.001 GC heap before
{Heap before GC invocations=5 (full 2):
 PSYoungGen      total 106496K, used 8163K [0x0000000780800000, 0x0000000789680000, 0x00000007c0000000)
  eden space 98304K, 0% used [0x0000000780800000,0x0000000780800000,0x0000000786800000)
  from space 8192K, 99% used [0x0000000786800000,0x0000000786ff8c70,0x0000000787000000)
  to   space 8192K, 0% used [0x0000000788e80000,0x0000000788e80000,0x0000000789680000)
 ParOldGen       total 112640K, used 33128K [0x0000000701800000, 0x0000000708600000, 0x0000000780800000)
  object space 112640K, 29% used [0x0000000701800000,0x000000070385a2f8,0x0000000708600000)
 Metaspace       used 34569K, capacity 35135K, committed 35416K, reserved 1081344K
  class space    used 4360K, capacity 4544K, committed 4608K, reserved 1048576K
Event: 3.072 GC heap after
Heap after GC invocations=5 (full 2):
 PSYoungGen      total 106496K, used 0K [0x0000000780800000, 0x0000000789680000, 0x00000007c0000000)
  eden space 98304K, 0% used [0x0000000780800000,0x0000000780800000,0x0000000786800000)
  from space 8192K, 0% used [0x0000000786800000,0x0000000786800000,0x0000000787000000)
  to   space 8192K, 0% used [0x0000000788e80000,0x0000000788e80000,0x0000000789680000)
 ParOldGen       total 194560K, used 34937K [0x0000000701800000, 0x000000070d600000, 0x0000000780800000)
  object space 194560K, 17% used [0x0000000701800000,0x0000000703a1e608,0x000000070d600000)
 Metaspace       used 34569K, capacity 35135K, committed 35416K, reserved 1081344K
  class space    used 4360K, capacity 4544K, committed 4608K, reserved 1048576K
}
Event: 4.913 GC heap before
{Heap before GC invocations=6 (full 2):
 PSYoungGen      total 106496K, used 98304K [0x0000000780800000, 0x0000000789680000, 0x00000007c0000000)
  eden space 98304K, 100% used [0x0000000780800000,0x0000000786800000,0x0000000786800000)
  from space 8192K, 0% used [0x0000000786800000,0x0000000786800000,0x0000000787000000)
  to   space 8192K, 0% used [0x0000000788e80000,0x0000000788e80000,0x0000000789680000)
 ParOldGen       total 194560K, used 34937K [0x0000000701800000, 0x000000070d600000, 0x0000000780800000)
  object space 194560K, 17% used [0x0000000701800000,0x0000000703a1e608,0x000000070d600000)
 Metaspace       used 48471K, capacity 49445K, committed 49536K, reserved 1091584K
  class space    used 6247K, capacity 6524K, committed 6528K, reserved 1048576K
Event: 4.932 GC heap after
Heap after GC invocations=6 (full 2):
 PSYoungGen      total 133120K, used 8166K [0x0000000780800000, 0x0000000789680000, 0x00000007c0000000)
  eden space 124928K, 0% used [0x0000000780800000,0x0000000780800000,0x0000000788200000)
  from space 8192K, 99% used [0x0000000788e80000,0x0000000789679ae8,0x0000000789680000)
  to   space 8192K, 0% used [0x0000000788680000,0x0000000788680000,0x0000000788e80000)
 ParOldGen       total 194560K, used 45895K [0x0000000701800000, 0x000000070d600000, 0x0000000780800000)
  object space 194560K, 23% used [0x0000000701800000,0x00000007044d1d20,0x000000070d600000)
 Metaspace       used 48471K, capacity 49445K, committed 49536K, reserved 1091584K
  class space    used 6247K, capacity 6524K, committed 6528K, reserved 1048576K
}
Event: 7.704 GC heap before
{Heap before GC invocations=7 (full 2):
 PSYoungGen      total 133120K, used 133094K [0x0000000780800000, 0x0000000789680000, 0x00000007c0000000)
  eden space 124928K, 100% used [0x0000000780800000,0x0000000788200000,0x0000000788200000)
  from space 8192K, 99% used [0x0000000788e80000,0x0000000789679ae8,0x0000000789680000)
  to   space 8192K, 0% used [0x0000000788680000,0x0000000788680000,0x0000000788e80000)
 ParOldGen       total 194560K, used 45895K [0x0000000701800000, 0x000000070d600000, 0x0000000780800000)
  object space 194560K, 23% used [0x0000000701800000,0x00000007044d1d20,0x000000070d600000)
 Metaspace       used 56988K, capacity 58215K, committed 58496K, reserved 1099776K
  class space    used 7188K, capacity 7513K, committed 7552K, reserved 1048576K
Event: 7.722 GC heap after
Heap after GC invocations=7 (full 2):
 PSYoungGen      total 137728K, used 8163K [0x0000000780800000, 0x000000078e180000, 0x00000007c0000000)
  eden space 129536K, 0% used [0x0000000780800000,0x0000000780800000,0x0000000788680000)
  from space 8192K, 99% used [0x0000000788680000,0x0000000788e78cf0,0x0000000788e80000)
  to   space 33792K, 0% used [0x000000078c080000,0x000000078c080000,0x000000078e180000)
 ParOldGen       total 194560K, used 69420K [0x0000000701800000, 0x000000070d600000, 0x0000000780800000)
  object space 194560K, 35% used [0x0000000701800000,0x0000000705bcb100,0x000000070d600000)
 Metaspace       used 56988K, capacity 58215K, committed 58496K, reserved 1099776K
  class space    used 7188K, capacity 7513K, committed 7552K, reserved 1048576K
}

